#
# There is insufficient memory for the Java Runtime Environment to continue.
# Native memory allocation (malloc) failed to allocate 809456 bytes for Chunk::new
# Possible reasons:
#   The system is out of physical RAM or swap space
#   The process is running with CompressedOops enabled, and the Java Heap may be blocking the growth of the native heap
# Possible solutions:
#   Reduce memory load on the system
#   Increase physical memory or swap space
#   Check if swap backing store is full
#   Decrease Java heap size (-Xmx/-Xms)
#   Decrease number of Java threads
#   Decrease Java thread stack sizes (-Xss)
#   Set larger code cache with -XX:ReservedCodeCacheSize=
#   JVM is running with Unscaled Compressed Oops mode in which the Java heap is
#     placed in the first 4GB address space. The Java Heap base address is the
#     maximum limit for the native heap growth. Please use -XX:HeapBaseMinAddress
#     to set the Java Heap base and to place the Java Heap above 4GB virtual address.
# This output file may be truncated or incomplete.
#
#  Out of Memory Error (arena.cpp:197), pid=3328, tid=7368
#
# JRE version: OpenJDK Runtime Environment Microsoft-8035250 (11.0.20+8) (build 11.0.20+8-LTS)
# Java VM: OpenJDK 64-Bit Server VM Microsoft-8035250 (11.0.20+8-LTS, mixed mode, tiered, compressed oops, g1 gc, windows-amd64)
# No core dump will be written. Minidumps are not enabled by default on client versions of Windows
#

---------------  S U M M A R Y ------------

Command Line: org.jetbrains.kotlin.cli.jvm.K2JVMCompiler @D:\Akki\Personal_Projects\Assignment\CRUD\my-project\node_modules\react-native-safe-area-context\android\build\20231029_11293296314428746533.compiler.options

Host: AMD Ryzen 5 3500U with Radeon Vega Mobile Gfx  , 8 cores, 3G,  Windows 11 , 64 bit Build 22621 (10.0.22621.2428)
Time: Sun Oct 29 17:26:01 2023 India Standard Time elapsed time: 16.320342 seconds (0d 0h 0m 16s)

---------------  T H R E A D  ---------------

Current thread (0x00000229c86fe800):  JavaThread "C2 CompilerThread0" daemon [_thread_in_native, id=7368, stack(0x000000afdce00000,0x000000afdcf00000)]


Current CompileTask:
C2:  16320 3111       4       java.lang.ClassLoader::loadClass (7 bytes)

Stack: [0x000000afdce00000,0x000000afdcf00000]
Native frames: (J=compiled Java code, j=interpreted, Vv=VM code, C=native code)
V  [jvm.dll+0x62e9da]
V  [jvm.dll+0x7bc4e9]
V  [jvm.dll+0x7bdbd8]
V  [jvm.dll+0x7be2b3]
V  [jvm.dll+0x2505a8]
V  [jvm.dll+0xc263c]
V  [jvm.dll+0xc2bfc]
V  [jvm.dll+0x2c56a4]
V  [jvm.dll+0x536a1c]
V  [jvm.dll+0x209056]
V  [jvm.dll+0x20b223]
V  [jvm.dll+0x20881b]
V  [jvm.dll+0x18a7de]
V  [jvm.dll+0x2181ec]
V  [jvm.dll+0x21642b]
V  [jvm.dll+0x77efc0]
V  [jvm.dll+0x777db4]
V  [jvm.dll+0x62d845]
C  [ucrtbase.dll+0x29363]
C  [KERNEL32.DLL+0x1257d]
C  [ntdll.dll+0x5aa78]


---------------  P R O C E S S  ---------------

Threads class SMR info:
_java_thread_list=0x00000229c9ba2ba0, length=10, elements={
0x00000229ac15d800, 0x00000229c86d8000, 0x00000229c86e3000, 0x00000229c874a800,
0x00000229c874b800, 0x00000229c874f000, 0x00000229c86fe800, 0x00000229c8751800,
0x00000229c8752800, 0x00000229c921d000
}

Java Threads: ( => current thread )
  0x00000229ac15d800 JavaThread "main" [_thread_in_vm, id=4436, stack(0x000000afdc200000,0x000000afdc300000)]
  0x00000229c86d8000 JavaThread "Reference Handler" daemon [_thread_blocked, id=14280, stack(0x000000afdc900000,0x000000afdca00000)]
  0x00000229c86e3000 JavaThread "Finalizer" daemon [_thread_blocked, id=12808, stack(0x000000afdca00000,0x000000afdcb00000)]
  0x00000229c874a800 JavaThread "Signal Dispatcher" daemon [_thread_blocked, id=13804, stack(0x000000afdcb00000,0x000000afdcc00000)]
  0x00000229c874b800 JavaThread "Attach Listener" daemon [_thread_blocked, id=7492, stack(0x000000afdcc00000,0x000000afdcd00000)]
  0x00000229c874f000 JavaThread "Service Thread" daemon [_thread_blocked, id=15008, stack(0x000000afdcd00000,0x000000afdce00000)]
=>0x00000229c86fe800 JavaThread "C2 CompilerThread0" daemon [_thread_in_native, id=7368, stack(0x000000afdce00000,0x000000afdcf00000)]
  0x00000229c8751800 JavaThread "C1 CompilerThread0" daemon [_thread_blocked, id=14964, stack(0x000000afdcf00000,0x000000afdd000000)]
  0x00000229c8752800 JavaThread "Sweeper thread" daemon [_thread_blocked, id=16156, stack(0x000000afdd000000,0x000000afdd100000)]
  0x00000229c921d000 JavaThread "Common-Cleaner" daemon [_thread_blocked, id=15128, stack(0x000000afdd200000,0x000000afdd300000)]

Other Threads:
  0x00000229c86b5000 VMThread "VM Thread" [stack: 0x000000afdc800000,0x000000afdc900000] [id=2460]
  0x00000229c9214000 WatcherThread [stack: 0x000000afdd100000,0x000000afdd200000] [id=8108]
  0x00000229ac177000 GCTaskThread "GC Thread#0" [stack: 0x000000afdc300000,0x000000afdc400000] [id=12900]
  0x00000229c96e1800 GCTaskThread "GC Thread#1" [stack: 0x000000afdd300000,0x000000afdd400000] [id=6256]
  0x00000229ac193000 ConcurrentGCThread "G1 Main Marker" [stack: 0x000000afdc400000,0x000000afdc500000] [id=13748]
  0x00000229ac194800 ConcurrentGCThread "G1 Conc#0" [stack: 0x000000afdc500000,0x000000afdc600000] [id=10460]
  0x00000229c9b91000 ConcurrentGCThread "G1 Conc#1" [stack: 0x000000afdd400000,0x000000afdd500000] [id=12064]
  0x00000229ac1ee000 ConcurrentGCThread "G1 Refine#0" [stack: 0x000000afdc600000,0x000000afdc700000] [id=13004]
  0x00000229ac1f0000 ConcurrentGCThread "G1 Young RemSet Sampling" [stack: 0x000000afdc700000,0x000000afdc800000] [id=13132]

Threads with active compile tasks:
C2 CompilerThread0    16429 3111       4       java.lang.ClassLoader::loadClass (7 bytes)

VM state:not at safepoint (normal execution)

VM Mutex/Monitor currently owned by a thread: None

Heap address: 0x00000000c8e00000, size: 882 MB, Compressed Oops mode: 32-bit
Narrow klass base: 0x0000000000000000, Narrow klass shift: 3
Compressed class space size: 1073741824 Address: 0x0000000100000000

Heap:
 garbage-first heap   total 69632K, used 31863K [0x00000000c8e00000, 0x0000000100000000)
  region size 1024K, 6 young (6144K), 2 survivors (2048K)
 Metaspace       used 43710K, capacity 44191K, committed 44496K, reserved 1089536K
  class space    used 5119K, capacity 5313K, committed 5372K, reserved 1048576K
Heap Regions: E=young(eden), S=young(survivor), O=old, HS=humongous(starts), HC=humongous(continues), CS=collection set, F=free, A=archive, TAMS=top-at-mark-start (previous, next)
|   0|0x00000000c8e00000, 0x00000000c8f00000, 0x00000000c8f00000|100%|HS|  |TAMS 0x00000000c8f00000, 0x00000000c8e00000| Complete 
|   1|0x00000000c8f00000, 0x00000000c9000000, 0x00000000c9000000|100%|HC|  |TAMS 0x00000000c9000000, 0x00000000c8f00000| Complete 
|   2|0x00000000c9000000, 0x00000000c9100000, 0x00000000c9100000|100%|HC|  |TAMS 0x00000000c9100000, 0x00000000c9000000| Complete 
|   3|0x00000000c9100000, 0x00000000c9200000, 0x00000000c9200000|100%|HC|  |TAMS 0x00000000c9200000, 0x00000000c9100000| Complete 
|   4|0x00000000c9200000, 0x00000000c9300000, 0x00000000c9300000|100%| O|  |TAMS 0x00000000c9300000, 0x00000000c9200000| Untracked 
|   5|0x00000000c9300000, 0x00000000c9400000, 0x00000000c9400000|100%| O|  |TAMS 0x00000000c9400000, 0x00000000c9300000| Untracked 
|   6|0x00000000c9400000, 0x00000000c9500000, 0x00000000c9500000|100%| O|  |TAMS 0x00000000c9500000, 0x00000000c9400000| Untracked 
|   7|0x00000000c9500000, 0x00000000c9600000, 0x00000000c9600000|100%| O|  |TAMS 0x00000000c9600000, 0x00000000c9500000| Untracked 
|   8|0x00000000c9600000, 0x00000000c9700000, 0x00000000c9700000|100%| O|  |TAMS 0x00000000c9700000, 0x00000000c9600000| Untracked 
|   9|0x00000000c9700000, 0x00000000c9800000, 0x00000000c9800000|100%| O|  |TAMS 0x00000000c9800000, 0x00000000c9700000| Untracked 
|  10|0x00000000c9800000, 0x00000000c9900000, 0x00000000c9900000|100%|HS|  |TAMS 0x00000000c9900000, 0x00000000c9800000| Complete 
|  11|0x00000000c9900000, 0x00000000c9a00000, 0x00000000c9a00000|100%|HC|  |TAMS 0x00000000c9a00000, 0x00000000c9900000| Complete 
|  12|0x00000000c9a00000, 0x00000000c9b00000, 0x00000000c9b00000|100%|HC|  |TAMS 0x00000000c9b00000, 0x00000000c9a00000| Complete 
|  13|0x00000000c9b00000, 0x00000000c9c00000, 0x00000000c9c00000|100%|HC|  |TAMS 0x00000000c9c00000, 0x00000000c9b00000| Complete 
|  14|0x00000000c9c00000, 0x00000000c9d00000, 0x00000000c9d00000|100%|HS|  |TAMS 0x00000000c9d00000, 0x00000000c9c00000| Complete 
|  15|0x00000000c9d00000, 0x00000000c9e00000, 0x00000000c9e00000|100%|HC|  |TAMS 0x00000000c9e00000, 0x00000000c9d00000| Complete 
|  16|0x00000000c9e00000, 0x00000000c9f00000, 0x00000000c9f00000|100%| O|  |TAMS 0x00000000c9f00000, 0x00000000c9e00000| Untracked 
|  17|0x00000000c9f00000, 0x00000000ca000000, 0x00000000ca000000|100%| O|  |TAMS 0x00000000ca000000, 0x00000000c9f00000| Untracked 
|  18|0x00000000ca000000, 0x00000000ca100000, 0x00000000ca100000|100%| O|  |TAMS 0x00000000ca100000, 0x00000000ca000000| Untracked 
|  19|0x00000000ca100000, 0x00000000ca200000, 0x00000000ca200000|100%| O|  |TAMS 0x00000000ca200000, 0x00000000ca100000| Untracked 
|  20|0x00000000ca200000, 0x00000000ca300000, 0x00000000ca300000|100%| O|  |TAMS 0x00000000ca300000, 0x00000000ca200000| Untracked 
|  21|0x00000000ca300000, 0x00000000ca400000, 0x00000000ca400000|100%| O|  |TAMS 0x00000000ca400000, 0x00000000ca300000| Untracked 
|  22|0x00000000ca400000, 0x00000000ca500000, 0x00000000ca500000|100%| O|  |TAMS 0x00000000ca500000, 0x00000000ca400000| Untracked 
|  23|0x00000000ca500000, 0x00000000ca600000, 0x00000000ca600000|100%| O|  |TAMS 0x00000000ca57b800, 0x00000000ca500000| Untracked 
|  24|0x00000000ca600000, 0x00000000ca700000, 0x00000000ca700000|100%| O|  |TAMS 0x00000000ca600000, 0x00000000ca600000| Untracked 
|  25|0x00000000ca700000, 0x00000000ca800000, 0x00000000ca800000|100%| O|  |TAMS 0x00000000ca700000, 0x00000000ca700000| Untracked 
|  26|0x00000000ca800000, 0x00000000ca871400, 0x00000000ca900000| 44%| O|  |TAMS 0x00000000ca800000, 0x00000000ca800000| Untracked 
|  27|0x00000000ca900000, 0x00000000ca900000, 0x00000000caa00000|  0%| F|  |TAMS 0x00000000ca900000, 0x00000000ca900000| Untracked 
|  28|0x00000000caa00000, 0x00000000caa00000, 0x00000000cab00000|  0%| F|  |TAMS 0x00000000caa00000, 0x00000000caa00000| Untracked 
|  29|0x00000000cab00000, 0x00000000cab00000, 0x00000000cac00000|  0%| F|  |TAMS 0x00000000cab00000, 0x00000000cab00000| Untracked 
|  30|0x00000000cac00000, 0x00000000cac00000, 0x00000000cad00000|  0%| F|  |TAMS 0x00000000cac00000, 0x00000000cac00000| Untracked 
|  31|0x00000000cad00000, 0x00000000cad00000, 0x00000000cae00000|  0%| F|  |TAMS 0x00000000cad00000, 0x00000000cad00000| Untracked 
|  32|0x00000000cae00000, 0x00000000cae00000, 0x00000000caf00000|  0%| F|  |TAMS 0x00000000cae00000, 0x00000000cae00000| Untracked 
|  33|0x00000000caf00000, 0x00000000caf00000, 0x00000000cb000000|  0%| F|  |TAMS 0x00000000caf00000, 0x00000000caf00000| Untracked 
|  34|0x00000000cb000000, 0x00000000cb000000, 0x00000000cb100000|  0%| F|  |TAMS 0x00000000cb000000, 0x00000000cb000000| Untracked 
|  35|0x00000000cb100000, 0x00000000cb100000, 0x00000000cb200000|  0%| F|  |TAMS 0x00000000cb100000, 0x00000000cb100000| Untracked 
|  36|0x00000000cb200000, 0x00000000cb200000, 0x00000000cb300000|  0%| F|  |TAMS 0x00000000cb200000, 0x00000000cb200000| Untracked 
|  37|0x00000000cb300000, 0x00000000cb300000, 0x00000000cb400000|  0%| F|  |TAMS 0x00000000cb300000, 0x00000000cb300000| Untracked 
|  38|0x00000000cb400000, 0x00000000cb400000, 0x00000000cb500000|  0%| F|  |TAMS 0x00000000cb400000, 0x00000000cb400000| Untracked 
|  39|0x00000000cb500000, 0x00000000cb500000, 0x00000000cb600000|  0%| F|  |TAMS 0x00000000cb500000, 0x00000000cb500000| Untracked 
|  40|0x00000000cb600000, 0x00000000cb600000, 0x00000000cb700000|  0%| F|  |TAMS 0x00000000cb600000, 0x00000000cb600000| Untracked 
|  41|0x00000000cb700000, 0x00000000cb700000, 0x00000000cb800000|  0%| F|  |TAMS 0x00000000cb700000, 0x00000000cb700000| Untracked 
|  42|0x00000000cb800000, 0x00000000cb800000, 0x00000000cb900000|  0%| F|  |TAMS 0x00000000cb800000, 0x00000000cb800000| Untracked 
|  43|0x00000000cb900000, 0x00000000cb900000, 0x00000000cba00000|  0%| F|  |TAMS 0x00000000cb900000, 0x00000000cb900000| Untracked 
|  44|0x00000000cba00000, 0x00000000cba00000, 0x00000000cbb00000|  0%| F|  |TAMS 0x00000000cba00000, 0x00000000cba00000| Untracked 
|  45|0x00000000cbb00000, 0x00000000cbbac9b0, 0x00000000cbc00000| 67%| S|CS|TAMS 0x00000000cbb00000, 0x00000000cbb00000| Complete 
|  46|0x00000000cbc00000, 0x00000000cbc00000, 0x00000000cbd00000|  0%| F|  |TAMS 0x00000000cbc00000, 0x00000000cbc00000| Untracked 
|  47|0x00000000cbd00000, 0x00000000cbd00000, 0x00000000cbe00000|  0%| F|  |TAMS 0x00000000cbd00000, 0x00000000cbd00000| Untracked 
|  48|0x00000000cbe00000, 0x00000000cbe00000, 0x00000000cbf00000|  0%| F|  |TAMS 0x00000000cbe00000, 0x00000000cbe00000| Untracked 
|  49|0x00000000cbf00000, 0x00000000cc000000, 0x00000000cc000000|100%| S|CS|TAMS 0x00000000cbf00000, 0x00000000cbf00000| Complete 
|  50|0x00000000cc000000, 0x00000000cc000000, 0x00000000cc100000|  0%| F|  |TAMS 0x00000000cc000000, 0x00000000cc000000| Untracked 
|  51|0x00000000cc100000, 0x00000000cc100000, 0x00000000cc200000|  0%| F|  |TAMS 0x00000000cc100000, 0x00000000cc100000| Untracked 
|  52|0x00000000cc200000, 0x00000000cc200000, 0x00000000cc300000|  0%| F|  |TAMS 0x00000000cc200000, 0x00000000cc200000| Untracked 
|  53|0x00000000cc300000, 0x00000000cc300000, 0x00000000cc400000|  0%| F|  |TAMS 0x00000000cc300000, 0x00000000cc300000| Untracked 
|  54|0x00000000cc400000, 0x00000000cc400000, 0x00000000cc500000|  0%| F|  |TAMS 0x00000000cc400000, 0x00000000cc400000| Untracked 
|  55|0x00000000cc500000, 0x00000000cc500000, 0x00000000cc600000|  0%| F|  |TAMS 0x00000000cc500000, 0x00000000cc500000| Untracked 
|  56|0x00000000cc600000, 0x00000000cc600000, 0x00000000cc700000|  0%| F|  |TAMS 0x00000000cc600000, 0x00000000cc600000| Untracked 
|  57|0x00000000cc700000, 0x00000000cc700000, 0x00000000cc800000|  0%| F|  |TAMS 0x00000000cc700000, 0x00000000cc700000| Untracked 
|  58|0x00000000cc800000, 0x00000000cc800000, 0x00000000cc900000|  0%| F|  |TAMS 0x00000000cc800000, 0x00000000cc800000| Untracked 
|  59|0x00000000cc900000, 0x00000000cc900000, 0x00000000cca00000|  0%| F|  |TAMS 0x00000000cc900000, 0x00000000cc900000| Untracked 
|  60|0x00000000cca00000, 0x00000000cca00000, 0x00000000ccb00000|  0%| F|  |TAMS 0x00000000cca00000, 0x00000000cca00000| Untracked 
|  61|0x00000000ccb00000, 0x00000000ccb00000, 0x00000000ccc00000|  0%| F|  |TAMS 0x00000000ccb00000, 0x00000000ccb00000| Untracked 
|  62|0x00000000ccc00000, 0x00000000ccc00000, 0x00000000ccd00000|  0%| F|  |TAMS 0x00000000ccc00000, 0x00000000ccc00000| Untracked 
|  63|0x00000000ccd00000, 0x00000000ccd00000, 0x00000000cce00000|  0%| F|  |TAMS 0x00000000ccd00000, 0x00000000ccd00000| Untracked 
|  64|0x00000000cce00000, 0x00000000cced2a30, 0x00000000ccf00000| 82%| E|  |TAMS 0x00000000cce00000, 0x00000000cce00000| Complete 
|  65|0x00000000ccf00000, 0x00000000cd000000, 0x00000000cd000000|100%| E|CS|TAMS 0x00000000ccf00000, 0x00000000ccf00000| Complete 
|  66|0x00000000cd000000, 0x00000000cd100000, 0x00000000cd100000|100%| E|CS|TAMS 0x00000000cd000000, 0x00000000cd000000| Complete 
|  67|0x00000000cd100000, 0x00000000cd200000, 0x00000000cd200000|100%| E|CS|TAMS 0x00000000cd100000, 0x00000000cd100000| Complete 

Card table byte_map: [0x00000229c3dc0000,0x00000229c3f80000] _byte_map_base: 0x00000229c3779000

Marking Bits (Prev, Next): (CMBitMap*) 0x00000229ac18ebe8, (CMBitMap*) 0x00000229ac18ec20
 Prev Bits: [0x00000229c4140000, 0x00000229c4f08000)
 Next Bits: [0x00000229c4f10000, 0x00000229c5cd8000)

Polling page: 0x00000229ab930000

Metaspace:

Usage:
  Non-class:     38.03 MB capacity,    37.71 MB (>99%) used,   269.26 KB ( <1%) free+waste,    60.44 KB ( <1%) overhead. 
      Class:      5.19 MB capacity,     5.00 MB ( 96%) used,   161.52 KB (  3%) free+waste,    26.44 KB ( <1%) overhead. 
       Both:     43.22 MB capacity,    42.71 MB ( 99%) used,   430.77 KB ( <1%) free+waste,    86.88 KB ( <1%) overhead. 

Virtual space:
  Non-class space:       40.00 MB reserved,      38.21 MB ( 96%) committed 
      Class space:        1.00 GB reserved,       5.25 MB ( <1%) committed 
             Both:        1.04 GB reserved,      43.45 MB (  4%) committed 

Chunk freelists:
   Non-Class:  117.00 KB
       Class:  31.00 KB
        Both:  148.00 KB

MaxMetaspaceSize: 17179869184.00 GB
CompressedClassSpaceSize: 1.00 GB
Initial GC threshold: 20.80 MB
Current GC threshold: 59.09 MB
CDS: off

CodeHeap 'non-profiled nmethods': size=120000Kb used=1214Kb max_used=1214Kb free=118785Kb
 bounds [0x00000229bc3a0000, 0x00000229bc610000, 0x00000229c38d0000]
CodeHeap 'profiled nmethods': size=120000Kb used=6645Kb max_used=6645Kb free=113354Kb
 bounds [0x00000229b4e70000, 0x00000229b54f0000, 0x00000229bc3a0000]
CodeHeap 'non-nmethods': size=5760Kb used=1266Kb max_used=1289Kb free=4494Kb
 bounds [0x00000229b48d0000, 0x00000229b4b40000, 0x00000229b4e70000]
 total_blobs=3653 nmethods=3104 adapters=461
 compilation: enabled
              stopped_count=0, restarted_count=0
 full_count=0

Compilation events (20 events):
Event: 15.960 Thread 0x00000229c86fe800 nmethod 3104 0x00000229bc4cef10 code [0x00000229bc4cf0a0, 0x00000229bc4cf298]
Event: 15.978 Thread 0x00000229c8751800 3107       3       java.lang.String::lastIndexOf (12 bytes)
Event: 15.979 Thread 0x00000229c8751800 nmethod 3107 0x00000229b54e1f10 code [0x00000229b54e2100, 0x00000229b54e24d8]
Event: 15.981 Thread 0x00000229c8751800 3108       3       java.lang.invoke.MethodHandles$Lookup::findBoundCallerLookup (26 bytes)
Event: 15.982 Thread 0x00000229c8751800 nmethod 3108 0x00000229b54e2690 code [0x00000229b54e28c0, 0x00000229b54e30b8]
Event: 15.982 Thread 0x00000229c8751800 3109       3       java.lang.invoke.MethodHandles$Lookup::getDirectMethodCommon (275 bytes)
Event: 15.985 Thread 0x00000229c8751800 nmethod 3109 0x00000229b54e3310 code [0x00000229b54e3660, 0x00000229b54e48d8]
Event: 15.985 Thread 0x00000229c8751800 3110       3       java.lang.invoke.MethodHandles$Lookup::maybeBindCaller (47 bytes)
Event: 15.987 Thread 0x00000229c8751800 nmethod 3110 0x00000229b54e4f10 code [0x00000229b54e5160, 0x00000229b54e5a48]
Event: 16.026 Thread 0x00000229c86fe800 3111       4       java.lang.ClassLoader::loadClass (7 bytes)
Event: 16.033 Thread 0x00000229c8751800 3112       3       java.lang.String::lastIndexOf (29 bytes)
Event: 16.034 Thread 0x00000229c8751800 nmethod 3112 0x00000229b54e5d90 code [0x00000229b54e5f60, 0x00000229b54e61d8]
Event: 16.100 Thread 0x00000229c8751800 3113       3       java.lang.StringUTF16::length (5 bytes)
Event: 16.101 Thread 0x00000229c8751800 nmethod 3113 0x00000229b54e6310 code [0x00000229b54e64c0, 0x00000229b54e65b8]
Event: 16.101 Thread 0x00000229c8751800 3114       3       java.lang.StringUTF16::checkIndex (9 bytes)
Event: 16.101 Thread 0x00000229c8751800 nmethod 3114 0x00000229b54e6690 code [0x00000229b54e6860, 0x00000229b54e69c8]
Event: 16.101 Thread 0x00000229c8751800 3115       3       java.lang.StringUTF16::charAt (11 bytes)
Event: 16.101 Thread 0x00000229c8751800 nmethod 3115 0x00000229b54e6b10 code [0x00000229b54e6ce0, 0x00000229b54e6ec8]
Event: 16.256 Thread 0x00000229c8751800 3116   !   3       java.util.zip.ZipFile::getEntry (73 bytes)
Event: 16.258 Thread 0x00000229c8751800 nmethod 3116 0x00000229b54e7010 code [0x00000229b54e7220, 0x00000229b54e7868]

GC Heap History (18 events):
Event: 1.400 GC heap before
{Heap before GC invocations=0 (full 0):
 garbage-first heap   total 57344K, used 28672K [0x00000000c8e00000, 0x0000000100000000)
  region size 1024K, 24 young (24576K), 0 survivors (0K)
 Metaspace       used 12157K, capacity 12344K, committed 12544K, reserved 1060864K
  class space    used 1116K, capacity 1175K, committed 1280K, reserved 1048576K
}
Event: 1.408 GC heap after
{Heap after GC invocations=1 (full 0):
 garbage-first heap   total 57344K, used 6833K [0x00000000c8e00000, 0x0000000100000000)
  region size 1024K, 3 young (3072K), 3 survivors (3072K)
 Metaspace       used 12157K, capacity 12344K, committed 12544K, reserved 1060864K
  class space    used 1116K, capacity 1175K, committed 1280K, reserved 1048576K
}
Event: 4.207 GC heap before
{Heap before GC invocations=1 (full 0):
 garbage-first heap   total 57344K, used 37553K [0x00000000c8e00000, 0x0000000100000000)
  region size 1024K, 33 young (33792K), 3 survivors (3072K)
 Metaspace       used 18621K, capacity 18801K, committed 18944K, reserved 1067008K
  class space    used 1915K, capacity 1995K, committed 2048K, reserved 1048576K
}
Event: 4.238 GC heap after
{Heap after GC invocations=2 (full 0):
 garbage-first heap   total 57344K, used 9919K [0x00000000c8e00000, 0x0000000100000000)
  region size 1024K, 5 young (5120K), 5 survivors (5120K)
 Metaspace       used 18621K, capacity 18801K, committed 18944K, reserved 1067008K
  class space    used 1915K, capacity 1995K, committed 2048K, reserved 1048576K
}
Event: 4.892 GC heap before
{Heap before GC invocations=2 (full 0):
 garbage-first heap   total 57344K, used 17087K [0x00000000c8e00000, 0x0000000100000000)
  region size 1024K, 13 young (13312K), 5 survivors (5120K)
 Metaspace       used 21024K, capacity 21185K, committed 21248K, reserved 1069056K
  class space    used 2216K, capacity 2302K, committed 2304K, reserved 1048576K
}
Event: 4.925 GC heap after
{Heap after GC invocations=3 (full 0):
 garbage-first heap   total 57344K, used 10712K [0x00000000c8e00000, 0x0000000100000000)
  region size 1024K, 1 young (1024K), 1 survivors (1024K)
 Metaspace       used 21024K, capacity 21185K, committed 21248K, reserved 1069056K
  class space    used 2216K, capacity 2302K, committed 2304K, reserved 1048576K
}
Event: 7.954 GC heap before
{Heap before GC invocations=4 (full 0):
 garbage-first heap   total 57344K, used 35288K [0x00000000c8e00000, 0x0000000100000000)
  region size 1024K, 21 young (21504K), 1 survivors (1024K)
 Metaspace       used 27197K, capacity 27605K, committed 27644K, reserved 1073152K
  class space    used 2889K, capacity 3029K, committed 3068K, reserved 1048576K
}
Event: 7.964 GC heap after
{Heap after GC invocations=5 (full 0):
 garbage-first heap   total 57344K, used 16117K [0x00000000c8e00000, 0x0000000100000000)
  region size 1024K, 2 young (2048K), 2 survivors (2048K)
 Metaspace       used 27197K, capacity 27605K, committed 27644K, reserved 1073152K
  class space    used 2889K, capacity 3029K, committed 3068K, reserved 1048576K
}
Event: 10.431 GC heap before
{Heap before GC invocations=5 (full 0):
 garbage-first heap   total 57344K, used 37621K [0x00000000c8e00000, 0x0000000100000000)
  region size 1024K, 21 young (21504K), 2 survivors (2048K)
 Metaspace       used 30572K, capacity 31031K, committed 31228K, reserved 1077248K
  class space    used 3592K, capacity 3789K, committed 3836K, reserved 1048576K
}
Event: 10.448 GC heap after
{Heap after GC invocations=6 (full 0):
 garbage-first heap   total 57344K, used 21918K [0x00000000c8e00000, 0x0000000100000000)
  region size 1024K, 3 young (3072K), 3 survivors (3072K)
 Metaspace       used 30572K, capacity 31031K, committed 31228K, reserved 1077248K
  class space    used 3592K, capacity 3789K, committed 3836K, reserved 1048576K
}
Event: 11.442 GC heap before
{Heap before GC invocations=6 (full 0):
 garbage-first heap   total 57344K, used 37278K [0x00000000c8e00000, 0x0000000100000000)
  region size 1024K, 19 young (19456K), 3 survivors (3072K)
 Metaspace       used 34357K, capacity 34787K, committed 34940K, reserved 1079296K
  class space    used 4203K, capacity 4401K, committed 4476K, reserved 1048576K
}
Event: 11.458 GC heap after
{Heap after GC invocations=7 (full 0):
 garbage-first heap   total 69632K, used 23965K [0x00000000c8e00000, 0x0000000100000000)
  region size 1024K, 2 young (2048K), 2 survivors (2048K)
 Metaspace       used 34357K, capacity 34787K, committed 34940K, reserved 1079296K
  class space    used 4203K, capacity 4401K, committed 4476K, reserved 1048576K
}
Event: 11.776 GC heap before
{Heap before GC invocations=7 (full 0):
 garbage-first heap   total 69632K, used 30109K [0x00000000c8e00000, 0x0000000100000000)
  region size 1024K, 9 young (9216K), 2 survivors (2048K)
 Metaspace       used 35498K, capacity 35918K, committed 36048K, reserved 1081344K
  class space    used 4327K, capacity 4501K, committed 4604K, reserved 1048576K
}
Event: 11.785 GC heap after
{Heap after GC invocations=8 (full 0):
 garbage-first heap   total 69632K, used 25272K [0x00000000c8e00000, 0x0000000100000000)
  region size 1024K, 2 young (2048K), 2 survivors (2048K)
 Metaspace       used 35498K, capacity 35918K, committed 36048K, reserved 1081344K
  class space    used 4327K, capacity 4501K, committed 4604K, reserved 1048576K
}
Event: 13.631 GC heap before
{Heap before GC invocations=9 (full 0):
 garbage-first heap   total 69632K, used 42680K [0x00000000c8e00000, 0x0000000100000000)
  region size 1024K, 19 young (19456K), 2 survivors (2048K)
 Metaspace       used 38821K, capacity 39244K, committed 39504K, reserved 1083392K
  class space    used 4680K, capacity 4860K, committed 4988K, reserved 1048576K
}
Event: 13.640 GC heap after
{Heap after GC invocations=10 (full 0):
 garbage-first heap   total 69632K, used 27095K [0x00000000c8e00000, 0x0000000100000000)
  region size 1024K, 3 young (3072K), 3 survivors (3072K)
 Metaspace       used 38821K, capacity 39244K, committed 39504K, reserved 1083392K
  class space    used 4680K, capacity 4860K, committed 4988K, reserved 1048576K
}
Event: 15.712 GC heap before
{Heap before GC invocations=10 (full 0):
 garbage-first heap   total 69632K, used 44503K [0x00000000c8e00000, 0x0000000100000000)
  region size 1024K, 21 young (21504K), 3 survivors (3072K)
 Metaspace       used 42531K, capacity 43001K, committed 43344K, reserved 1087488K
  class space    used 4984K, capacity 5151K, committed 5244K, reserved 1048576K
}
Event: 15.753 GC heap after
{Heap after GC invocations=11 (full 0):
 garbage-first heap   total 69632K, used 28791K [0x00000000c8e00000, 0x0000000100000000)
  region size 1024K, 2 young (2048K), 2 survivors (2048K)
 Metaspace       used 42531K, capacity 43001K, committed 43344K, reserved 1087488K
  class space    used 4984K, capacity 5151K, committed 5244K, reserved 1048576K
}

Deoptimization events (20 events):
Event: 15.847 Thread 0x00000229ac15d800 Uncommon trap: trap_request=0xffffff4d fr.pc=0x00000229bc3c8860 relative=0x0000000000000c40
Event: 15.848 Thread 0x00000229ac15d800 Uncommon trap: reason=unstable_if action=reinterpret pc=0x00000229bc3c8860 method=java.lang.StringCoding.encodeUTF8(B[BZ)[B @ 2 c2
Event: 15.848 Thread 0x00000229ac15d800 DEOPT PACKING pc=0x00000229bc3c8860 sp=0x000000afdc2f5d80
Event: 15.848 Thread 0x00000229ac15d800 DEOPT UNPACKING pc=0x00000229b491a1af sp=0x000000afdc2f5b70 mode 2
Event: 15.848 Thread 0x00000229ac15d800 Uncommon trap: trap_request=0xffffff4d fr.pc=0x00000229bc4391a0 relative=0x0000000000000320
Event: 15.848 Thread 0x00000229ac15d800 Uncommon trap: reason=unstable_if action=reinterpret pc=0x00000229bc4391a0 method=sun.net.www.ParseUtil.firstEncodeIndex(Ljava/lang/String;)I @ 27 c2
Event: 15.848 Thread 0x00000229ac15d800 DEOPT PACKING pc=0x00000229bc4391a0 sp=0x000000afdc2f5ec0
Event: 15.848 Thread 0x00000229ac15d800 DEOPT UNPACKING pc=0x00000229b491a1af sp=0x000000afdc2f5d28 mode 2
Event: 15.849 Thread 0x00000229ac15d800 Uncommon trap: trap_request=0xffffff4d fr.pc=0x00000229bc478bc4 relative=0x00000000000001a4
Event: 15.849 Thread 0x00000229ac15d800 Uncommon trap: reason=unstable_if action=reinterpret pc=0x00000229bc478bc4 method=java.lang.String.indexOf(II)I @ 4 c2
Event: 15.856 Thread 0x00000229ac15d800 DEOPT PACKING pc=0x00000229bc478bc4 sp=0x000000afdc2f5b90
Event: 15.856 Thread 0x00000229ac15d800 DEOPT UNPACKING pc=0x00000229b491a1af sp=0x000000afdc2f5b40 mode 2
Event: 15.856 Thread 0x00000229ac15d800 Uncommon trap: trap_request=0xffffff4d fr.pc=0x00000229bc4758b4 relative=0x0000000000000194
Event: 15.856 Thread 0x00000229ac15d800 Uncommon trap: reason=unstable_if action=reinterpret pc=0x00000229bc4758b4 method=java.lang.String.startsWith(Ljava/lang/String;I)Z @ 46 c2
Event: 15.856 Thread 0x00000229ac15d800 DEOPT PACKING pc=0x00000229bc4758b4 sp=0x000000afdc2f5c90
Event: 15.856 Thread 0x00000229ac15d800 DEOPT UNPACKING pc=0x00000229b491a1af sp=0x000000afdc2f5bf8 mode 2
Event: 15.857 Thread 0x00000229ac15d800 Uncommon trap: trap_request=0xffffff4d fr.pc=0x00000229bc4bdb1c relative=0x00000000000006bc
Event: 15.857 Thread 0x00000229ac15d800 Uncommon trap: reason=unstable_if action=reinterpret pc=0x00000229bc4bdb1c method=java.lang.String.lastIndexOf(II)I @ 4 c2
Event: 15.857 Thread 0x00000229ac15d800 DEOPT PACKING pc=0x00000229bc4bdb1c sp=0x000000afdc2f5d00
Event: 15.857 Thread 0x00000229ac15d800 DEOPT UNPACKING pc=0x00000229b491a1af sp=0x000000afdc2f5bf0 mode 2

Classes redefined (0 events):
No events

Internal exceptions (20 events):
Event: 3.198 Thread 0x00000229ac15d800 Exception <a 'java/lang/NoSuchMethodError'{0x00000000cae437a0}: 'long java.lang.invoke.DelegatingMethodHandle$Holder.reinvoke_L(java.lang.Object, java.lang.Object, java.lang.Object)'> (0x00000000cae437a0) thrown at [s\src\hotspot\share\interpreter\linkResolver.cpp, line 773]
Event: 3.204 Thread 0x00000229ac15d800 Exception <a 'java/lang/NoSuchMethodError'{0x00000000cae4d460}: 'int java.lang.invoke.DirectMethodHandle$Holder.invokeSpecial(java.lang.Object, java.lang.Object, java.lang.Object, java.lang.Object)'> (0x00000000cae4d460) thrown at [s\src\hotspot\share\interpreter\linkResolver.cpp, line 773]
Event: 3.214 Thread 0x00000229ac15d800 Exception <a 'java/lang/NoSuchMethodError'{0x00000000cae5c330}: 'int java.lang.invoke.DelegatingMethodHandle$Holder.reinvoke_L(java.lang.Object, java.lang.Object, java.lang.Object, long, int)'> (0x00000000cae5c330) thrown at [s\src\hotspot\share\interpreter\linkResolver.cpp, line 773]
Event: 4.583 Thread 0x00000229ac15d800 Exception <a 'java/lang/NoSuchMethodError'{0x00000000cc1b4428}: 'java.lang.Object java.lang.invoke.DirectMethodHandle$Holder.invokeStaticInit(java.lang.Object, int)'> (0x00000000cc1b4428) thrown at [s\src\hotspot\share\interpreter\linkResolver.cpp, line 773]
Event: 4.734 Thread 0x00000229ac15d800 Exception <a 'java/lang/NoSuchMethodError'{0x00000000cbf8f858}: 'long java.lang.invoke.DirectMethodHandle$Holder.invokeStatic(java.lang.Object)'> (0x00000000cbf8f858) thrown at [s\src\hotspot\share\interpreter\linkResolver.cpp, line 773]
Event: 4.735 Thread 0x00000229ac15d800 Exception <a 'java/lang/NoSuchMethodError'{0x00000000cbf92910}: 'long java.lang.invoke.DirectMethodHandle$Holder.invokeStaticInit(java.lang.Object)'> (0x00000000cbf92910) thrown at [s\src\hotspot\share\interpreter\linkResolver.cpp, line 773]
Event: 4.962 Thread 0x00000229ac15d800 Exception <a 'java/lang/NoSuchMethodError'{0x00000000cc511460}: 'int java.lang.invoke.DirectMethodHandle$Holder.invokeSpecialIFC(java.lang.Object, java.lang.Object, int)'> (0x00000000cc511460) thrown at [s\src\hotspot\share\interpreter\linkResolver.cpp, line 773]
Event: 5.227 Thread 0x00000229ac15d800 Exception <a 'java/lang/NoSuchMethodError'{0x00000000cc3f4f20}: 'int java.lang.invoke.DirectMethodHandle$Holder.invokeStaticInit(java.lang.Object, java.lang.Object, java.lang.Object)'> (0x00000000cc3f4f20) thrown at [s\src\hotspot\share\interpreter\linkResolver.cpp, line 773]
Event: 5.252 Thread 0x00000229ac15d800 Exception <a 'java/lang/NoSuchMethodError'{0x00000000cc220e40}: 'int java.lang.invoke.DirectMethodHandle$Holder.invokeStaticInit(java.lang.Object, java.lang.Object)'> (0x00000000cc220e40) thrown at [s\src\hotspot\share\interpreter\linkResolver.cpp, line 773]
Event: 5.599 Thread 0x00000229ac15d800 Exception <a 'java/lang/NoSuchMethodError'{0x00000000cc036e98}: 'void java.lang.invoke.DirectMethodHandle$Holder.invokeSpecial(java.lang.Object, java.lang.Object)'> (0x00000000cc036e98) thrown at [s\src\hotspot\share\interpreter\linkResolver.cpp, line 773]
Event: 6.942 Thread 0x00000229ac15d800 Exception <a 'java/lang/NoSuchMethodError'{0x00000000cb739c60}: 'java.lang.Object java.lang.invoke.DirectMethodHandle$Holder.invokeStatic(java.lang.Object, java.lang.Object, java.lang.Object, java.lang.Object, java.lang.Object, java.lang.Object, java.lang.Object, java.lang.Object, java.lang.Object, java.lang.Object, java.lang.Object, java.lang.Object, java.lang.Object, java.lang.Object, java.lang.Object)'> (0x00000000cb739c60) thrown at [s\src\hotspot\share\interpreter\linkResolver.cpp, line 773]
Event: 6.954 Thread 0x00000229ac15d800 Exception <a 'java/lang/NoSuchMethodError'{0x00000000cb747c68}: 'java.lang.Object java.lang.invoke.DirectMethodHandle$Holder.invokeStatic(java.lang.Object, java.lang.Object, java.lang.Object, java.lang.Object, java.lang.Object, java.lang.Object, java.lang.Object, java.lang.Object, java.lang.Object, java.lang.Object, java.lang.Object, java.lang.Object, java.lang.Object, java.lang.Object, java.lang.Object, java.lang.Object)'> (0x00000000cb747c68) thrown at [s\src\hotspot\share\interpreter\linkResolver.cpp, l
Event: 6.961 Thread 0x00000229ac15d800 Exception <a 'java/lang/NoSuchMethodError'{0x00000000cb755b80}: 'java.lang.Object java.lang.invoke.DirectMethodHandle$Holder.invokeSpecial(java.lang.Object, java.lang.Object, int, int, java.lang.Object, java.lang.Object, java.lang.Object)'> (0x00000000cb755b80) thrown at [s\src\hotspot\share\interpreter\linkResolver.cpp, line 773]
Event: 6.967 Thread 0x00000229ac15d800 Exception <a 'java/lang/NoSuchMethodError'{0x00000000cb7593b8}: 'java.lang.Object java.lang.invoke.DelegatingMethodHandle$Holder.reinvoke_L(java.lang.Object, int, int, java.lang.Object, java.lang.Object, java.lang.Object)'> (0x00000000cb7593b8) thrown at [s\src\hotspot\share\interpreter\linkResolver.cpp, line 773]
Event: 6.971 Thread 0x00000229ac15d800 Exception <a 'java/lang/NoSuchMethodError'{0x00000000cb75d740}: 'java.lang.Object java.lang.invoke.DirectMethodHandle$Holder.invokeStatic(java.lang.Object, java.lang.Object, java.lang.Object, java.lang.Object, int)'> (0x00000000cb75d740) thrown at [s\src\hotspot\share\interpreter\linkResolver.cpp, line 773]
Event: 7.234 Thread 0x00000229ac15d800 Exception <a 'java/lang/NoSuchMethodError'{0x00000000cb6827f0}: 'void java.lang.invoke.DirectMethodHandle$Holder.invokeStatic(java.lang.Object, java.lang.Object, java.lang.Object, java.lang.Object)'> (0x00000000cb6827f0) thrown at [s\src\hotspot\share\interpreter\linkResolver.cpp, line 773]
Event: 7.652 Thread 0x00000229ac15d800 Exception <a 'java/lang/NoSuchMethodError'{0x00000000cb26f2b8}: 'void java.lang.invoke.DirectMethodHandle$Holder.invokeStaticInit(java.lang.Object, java.lang.Object)'> (0x00000000cb26f2b8) thrown at [s\src\hotspot\share\interpreter\linkResolver.cpp, line 773]
Event: 8.345 Thread 0x00000229ac15d800 Exception <a 'java/lang/NoSuchMethodError'{0x00000000cc3d2cb0}: 'void java.lang.invoke.DirectMethodHandle$Holder.invokeVirtual(java.lang.Object, java.lang.Object)'> (0x00000000cc3d2cb0) thrown at [s\src\hotspot\share\interpreter\linkResolver.cpp, line 773]
Event: 8.442 Thread 0x00000229ac15d800 Exception <a 'java/lang/NoSuchMethodError'{0x00000000cc2678a0}: 'int java.lang.invoke.DirectMethodHandle$Holder.invokeVirtual(java.lang.Object, java.lang.Object)'> (0x00000000cc2678a0) thrown at [s\src\hotspot\share\interpreter\linkResolver.cpp, line 773]
Event: 11.733 Thread 0x00000229ac15d800 Exception <a 'java/lang/NoSuchMethodError'{0x00000000ccc6d7e8}: 'java.lang.Object java.lang.invoke.DirectMethodHandle$Holder.invokeVirtual(java.lang.Object, java.lang.Object, java.lang.Object)'> (0x00000000ccc6d7e8) thrown at [s\src\hotspot\share\interpreter\linkResolver.cpp, line 773]

Events (20 events):
Event: 16.211 loading class org/jetbrains/kotlin/it/unimi/dsi/fastutil/BidirectionalIterator done
Event: 16.224 loading class org/jetbrains/kotlin/it/unimi/dsi/fastutil/objects/ObjectArrays
Event: 16.224 loading class org/jetbrains/kotlin/it/unimi/dsi/fastutil/objects/ObjectArrays done
Event: 16.225 loading class org/jetbrains/kotlin/it/unimi/dsi/fastutil/objects/ObjectArrays$ArrayHashStrategy
Event: 16.225 loading class org/jetbrains/kotlin/it/unimi/dsi/fastutil/objects/ObjectArrays$ArrayHashStrategy done
Event: 16.226 loading class org/jetbrains/kotlin/com/intellij/util/containers/IntStack
Event: 16.226 loading class org/jetbrains/kotlin/com/intellij/util/containers/IntStack done
Event: 16.231 loading class org/jetbrains/kotlin/com/intellij/lang/impl/MarkerOptionalData
Event: 16.231 loading class org/jetbrains/kotlin/com/intellij/lang/impl/MarkerOptionalData done
Event: 16.232 loading class java/util/BitSet
Event: 16.235 loading class java/util/BitSet done
Event: 16.235 loading class org/jetbrains/kotlin/it/unimi/dsi/fastutil/ints/IntOpenHashSet
Event: 16.235 loading class org/jetbrains/kotlin/it/unimi/dsi/fastutil/ints/IntOpenHashSet done
Event: 16.241 loading class org/jetbrains/kotlin/it/unimi/dsi/fastutil/ints/AbstractIntSet
Event: 16.241 loading class org/jetbrains/kotlin/it/unimi/dsi/fastutil/ints/AbstractIntSet done
Event: 16.256 loading class org/jetbrains/kotlin/it/unimi/dsi/fastutil/ints/AbstractIntCollection
Event: 16.256 loading class org/jetbrains/kotlin/it/unimi/dsi/fastutil/ints/AbstractIntCollection done
Event: 16.260 loading class org/jetbrains/kotlin/it/unimi/dsi/fastutil/ints/IntIterator
Event: 16.260 loading class org/jetbrains/kotlin/it/unimi/dsi/fastutil/ints/IntIterator done
Event: 16.260 loading class java/util/PrimitiveIterator$OfInt


Dynamic libraries:
0x00007ff6b4690000 - 0x00007ff6b469d000 	C:\Program Files\Microsoft\jdk-11.0.20.8-hotspot\bin\java.exe
0x00007ff87ef90000 - 0x00007ff87f1a7000 	C:\WINDOWS\SYSTEM32\ntdll.dll
0x00007ff87e2e0000 - 0x00007ff87e3a4000 	C:\WINDOWS\System32\KERNEL32.DLL
0x00007ff87c5a0000 - 0x00007ff87c946000 	C:\WINDOWS\System32\KERNELBASE.dll
0x00007ff87c9c0000 - 0x00007ff87cad1000 	C:\WINDOWS\System32\ucrtbase.dll
0x00007ff85e6a0000 - 0x00007ff85e6b5000 	C:\Program Files\Microsoft\jdk-11.0.20.8-hotspot\bin\VCRUNTIME140.dll
0x00007ff85e760000 - 0x00007ff85e777000 	C:\Program Files\Microsoft\jdk-11.0.20.8-hotspot\bin\jli.dll
0x00007ff87e3b0000 - 0x00007ff87e55d000 	C:\WINDOWS\System32\USER32.dll
0x00007ff87c310000 - 0x00007ff87c336000 	C:\WINDOWS\System32\win32u.dll
0x00007ff87ce00000 - 0x00007ff87ce29000 	C:\WINDOWS\System32\GDI32.dll
0x00007ff864490000 - 0x00007ff864723000 	C:\WINDOWS\WinSxS\amd64_microsoft.windows.common-controls_6595b64144ccf1df_6.0.22621.2361_none_2712ced57382f843\COMCTL32.dll
0x00007ff87c480000 - 0x00007ff87c598000 	C:\WINDOWS\System32\gdi32full.dll
0x00007ff87e560000 - 0x00007ff87e607000 	C:\WINDOWS\System32\msvcrt.dll
0x00007ff87cc50000 - 0x00007ff87ccea000 	C:\WINDOWS\System32\msvcp_win.dll
0x00007ff87eca0000 - 0x00007ff87ecd1000 	C:\WINDOWS\System32\IMM32.DLL
0x00007ff83f710000 - 0x00007ff83f7ab000 	C:\Program Files\Microsoft\jdk-11.0.20.8-hotspot\bin\msvcp140.dll
0x00007ff81b230000 - 0x00007ff81bdc6000 	C:\Program Files\Microsoft\jdk-11.0.20.8-hotspot\bin\server\jvm.dll
0x00007ff87e850000 - 0x00007ff87e900000 	C:\WINDOWS\System32\ADVAPI32.dll
0x00007ff87ecf0000 - 0x00007ff87ed96000 	C:\WINDOWS\System32\sechost.dll
0x00007ff87e1b0000 - 0x00007ff87e2c7000 	C:\WINDOWS\System32\RPCRT4.dll
0x00007ff87e2d0000 - 0x00007ff87e2d8000 	C:\WINDOWS\System32\PSAPI.DLL
0x00007ff874130000 - 0x00007ff874164000 	C:\WINDOWS\SYSTEM32\WINMM.dll
0x00007ff866460000 - 0x00007ff866469000 	C:\WINDOWS\SYSTEM32\WSOCK32.dll
0x00007ff87ccf0000 - 0x00007ff87cd61000 	C:\WINDOWS\System32\WS2_32.dll
0x00007ff8745b0000 - 0x00007ff8745ba000 	C:\WINDOWS\SYSTEM32\VERSION.dll
0x00007ff87b350000 - 0x00007ff87b368000 	C:\WINDOWS\SYSTEM32\kernel.appcore.dll
0x00007ff874170000 - 0x00007ff874180000 	C:\Program Files\Microsoft\jdk-11.0.20.8-hotspot\bin\verify.dll
0x00007ff879ef0000 - 0x00007ff87a11e000 	C:\WINDOWS\SYSTEM32\DBGHELP.DLL
0x00007ff87dcf0000 - 0x00007ff87e07a000 	C:\WINDOWS\System32\combase.dll
0x00007ff87dba0000 - 0x00007ff87dc77000 	C:\WINDOWS\System32\OLEAUT32.dll
0x00007ff869910000 - 0x00007ff869942000 	C:\WINDOWS\SYSTEM32\dbgcore.DLL
0x00007ff87c340000 - 0x00007ff87c3ba000 	C:\WINDOWS\System32\bcryptPrimitives.dll
0x00007ff85c3d0000 - 0x00007ff85c3f8000 	C:\Program Files\Microsoft\jdk-11.0.20.8-hotspot\bin\java.dll
0x00007ff86eef0000 - 0x00007ff86eefa000 	C:\Program Files\Microsoft\jdk-11.0.20.8-hotspot\bin\jimage.dll
0x00007ff85ce90000 - 0x00007ff85cea8000 	C:\Program Files\Microsoft\jdk-11.0.20.8-hotspot\bin\zip.dll
0x00007ff87d340000 - 0x00007ff87db98000 	C:\WINDOWS\System32\SHELL32.dll
0x00007ff87a270000 - 0x00007ff87ab62000 	C:\WINDOWS\SYSTEM32\windows.storage.dll
0x00007ff87a130000 - 0x00007ff87a26e000 	C:\WINDOWS\SYSTEM32\wintypes.dll
0x00007ff87e900000 - 0x00007ff87e9f3000 	C:\WINDOWS\System32\SHCORE.dll
0x00007ff87cd70000 - 0x00007ff87cdce000 	C:\WINDOWS\System32\shlwapi.dll
0x00007ff87c240000 - 0x00007ff87c266000 	C:\WINDOWS\SYSTEM32\profapi.dll
0x00007ff86ba90000 - 0x00007ff86baa9000 	C:\Program Files\Microsoft\jdk-11.0.20.8-hotspot\bin\net.dll
0x00007ff8713f0000 - 0x00007ff871527000 	C:\WINDOWS\SYSTEM32\WINHTTP.dll
0x00007ff87b7d0000 - 0x00007ff87b839000 	C:\WINDOWS\system32\mswsock.dll
0x00007ff86ba70000 - 0x00007ff86ba83000 	C:\Program Files\Microsoft\jdk-11.0.20.8-hotspot\bin\nio.dll

dbghelp: loaded successfully - version: 4.0.5 - missing functions: none
symbol engine: initialized successfully - sym options: 0x614 - pdb path: .;C:\Program Files\Microsoft\jdk-11.0.20.8-hotspot\bin;C:\WINDOWS\SYSTEM32;C:\WINDOWS\WinSxS\amd64_microsoft.windows.common-controls_6595b64144ccf1df_6.0.22621.2361_none_2712ced57382f843;C:\Program Files\Microsoft\jdk-11.0.20.8-hotspot\bin\server

VM Arguments:
java_command: org.jetbrains.kotlin.cli.jvm.K2JVMCompiler @D:\Akki\Personal_Projects\Assignment\CRUD\my-project\node_modules\react-native-safe-area-context\android\build\20231029_11293296314428746533.compiler.options
java_class_path (initial): C:\Users\ACER\.gradle\caches\modules-2\files-2.1\org.jetbrains.kotlin\kotlin-compiler-embeddable\1.8.10\b0757fd774344d54ce93f5ad6c30ba1c1731c8ff\kotlin-compiler-embeddable-1.8.10.jar;C:\Users\ACER\.gradle\caches\modules-2\files-2.1\org.jetbrains.kotlin\kotlin-stdlib\1.8.10\6d5560a229477df9406943d5feda5618e98eb64c\kotlin-stdlib-1.8.10.jar;C:\Users\ACER\.gradle\caches\modules-2\files-2.1\org.jetbrains.kotlin\kotlin-script-runtime\1.8.10\b13ea9c7e46d589139e56086a878763290e20bd5\kotlin-script-runtime-1.8.10.jar;C:\Users\ACER\.gradle\caches\modules-2\files-2.1\org.jetbrains.kotlin\kotlin-reflect\1.6.10\1cbe9c92c12a94eea200d23c2bbaedaf3daf5132\kotlin-reflect-1.6.10.jar;C:\Users\ACER\.gradle\caches\modules-2\files-2.1\org.jetbrains.kotlin\kotlin-daemon-embeddable\1.8.10\ad8541d9bc1cf9e52c3204161247910c2cf601d4\kotlin-daemon-embeddable-1.8.10.jar;C:\Users\ACER\.gradle\caches\modules-2\files-2.1\org.jetbrains.intellij.deps\trove4j\1.0.20200330\3afb14d5f9ceb459d724e907a21145e8ff394f02\trove4j-1.0.20200330.jar;C:\Users\ACER\.gradle\caches\modules-2\files-2.1\net.java.dev.jna\jna\5.6.0\330f2244e9030119ab3030fc3fededc86713d9cc\jna-5.6.0.jar;C:\Users\ACER\.gradle\caches\modules-2\files-2.1\org.jetbrains.kotlin\kotlin-stdlib-common\1.8.10\a61b182458550492c12aee66157d7b524a63a5ec\kotlin-stdlib-common-1.8.10.jar;C:\Users\ACER\.gradle\caches\modules-2\files-2.1\org.jetbrains\annotations\13.0\919f0dfe192fb4e063e7dacadee7f8bb9a2672a9\annotations-13.0.jar
Launcher Type: SUN_STANDARD

[Global flags]
     intx CICompilerCount                          = 4                                         {product} {ergonomic}
     uint ConcGCThreads                            = 2                                         {product} {ergonomic}
     uint G1ConcRefinementThreads                  = 8                                         {product} {ergonomic}
   size_t G1HeapRegionSize                         = 1048576                                   {product} {ergonomic}
    uintx GCDrainStackTargetSize                   = 64                                        {product} {ergonomic}
   size_t InitialHeapSize                          = 58720256                                  {product} {ergonomic}
   size_t MarkStackSize                            = 4194304                                   {product} {ergonomic}
   size_t MaxHeapSize                              = 924844032                                 {product} {ergonomic}
   size_t MaxNewSize                               = 554696704                                 {product} {ergonomic}
   size_t MinHeapDeltaBytes                        = 1048576                                   {product} {ergonomic}
    uintx NonNMethodCodeHeapSize                   = 5836300                                {pd product} {ergonomic}
    uintx NonProfiledCodeHeapSize                  = 122910970                              {pd product} {ergonomic}
    uintx ProfiledCodeHeapSize                     = 122910970                              {pd product} {ergonomic}
    uintx ReservedCodeCacheSize                    = 251658240                              {pd product} {ergonomic}
     bool SegmentedCodeCache                       = true                                      {product} {ergonomic}
     bool UseCompressedClassPointers               = true                                 {lp64_product} {ergonomic}
     bool UseCompressedOops                        = true                                 {lp64_product} {ergonomic}
     bool UseG1GC                                  = true                                      {product} {ergonomic}
     bool UseLargePagesIndividualAllocation        = false                                  {pd product} {ergonomic}

Logging:
Log output configuration:
 #0: stdout all=warning uptime,level,tags
 #1: stderr all=off uptime,level,tags

Environment Variables:
JAVA_HOME=C:\Program Files\Microsoft\jdk-11.0.20.8-hotspot\
CLASSPATH=D:\Akki\Personal_Projects\Assignment\CRUD\my-project\android\\gradle\wrapper\gradle-wrapper.jar
PATH=D:\Akki\Personal_Projects\Assignment\CRUD\my-project\node_modules\.bin;D:\Akki\Personal_Projects\Assignment\CRUD\my-project\node_modules\.bin;D:\Akki\Personal_Projects\Assignment\CRUD\node_modules\.bin;D:\Akki\Personal_Projects\Assignment\node_modules\.bin;D:\Akki\Personal_Projects\node_modules\.bin;D:\Akki\node_modules\.bin;D:\node_modules\.bin;C:\Users\ACER\AppData\Roaming\npm\node_modules\npm\node_modules\@npmcli\run-script\lib\node-gyp-bin;D:\Akki\Personal_Projects\Assignment\CRUD\my-project\node_modules\.bin;D:\Akki\Personal_Projects\Assignment\CRUD\my-project\node_modules\.bin;D:\Akki\Personal_Projects\Assignment\CRUD\node_modules\.bin;D:\Akki\Personal_Projects\Assignment\node_modules\.bin;D:\Akki\Personal_Projects\node_modules\.bin;D:\Akki\node_modules\.bin;D:\node_modules\.bin;C:\Users\ACER\AppData\Roaming\npm\node_modules\npm\node_modules\@npmcli\run-script\lib\node-gyp-bin;C:\Program Files\Microsoft\jdk-11.0.20.8-hotspot\bin;C:\Python311\Scripts\;C:\Python311\;C:\Program Files\Common Files\Oracle\Java\javapath;C:\WINDOWS\system32;C:\WINDOWS;C:\WINDOWS\System32\Wbem;C:\WINDOWS\System32\WindowsPowerShell\v1.0\;C:\WINDOWS\System32\OpenSSH\;C:\Program Files\Git\cmd;C:\Program Files\PuTTY\;C:\ProgramData\chocolatey\bin;C:\Program Files\nodejs\;C:\Program Files\MySQL\MySQL Shell 8.0\bin\;C:\Users\ACER\AppData\Local\Microsoft\WindowsApps;C:\Users\ACER\AppData\Local\Programs\Microsoft VS Code\bin;C:\Program Files\heroku\bin;C:\Users\ACER\AppData\Local\GitHubDesktop\bin;C:\Users\ACER\AppData\Roaming\npm
USERNAME=ACER
OS=Windows_NT
PROCESSOR_IDENTIFIER=AMD64 Family 23 Model 24 Stepping 1, AuthenticAMD
TMP=C:\Users\ACER\AppData\Local\Temp
TEMP=C:\Users\ACER\AppData\Local\Temp



---------------  S Y S T E M  ---------------

OS: Windows 11 , 64 bit Build 22621 (10.0.22621.2428)
OS uptime: 0 days 3:10 hours

CPU:total 8 (initial active 8) (8 cores per cpu, 2 threads per core) family 23 model 24 stepping 1 microcode 0x0, cmov, cx8, fxsr, mmx, sse, sse2, sse3, ssse3, sse4.1, sse4.2, popcnt, avx, avx2, aes, clmul, mmxext, 3dnowpref, lzcnt, sse4a, ht, tsc, tscinvbit, tscinv, bmi1, bmi2, adx, sha, fma

Memory: 4k page, system-wide physical 3521M (277M free)
TotalPageFile size 14273M (AvailPageFile size 17M)
current process WorkingSet (physical memory assigned to process): 158M, peak: 169M
current process commit charge ("private bytes"): 217M, peak: 217M

vm_info: OpenJDK 64-Bit Server VM (11.0.20+8-LTS) for windows-amd64 JRE (11.0.20+8-LTS), built on Jul  7 2023 17:05:21 by "MicrosoftCorporation" with MS VC++ 15.9 (VS2017)

END.
