#
# There is insufficient memory for the Java Runtime Environment to continue.
# Native memory allocation (malloc) failed to allocate 1045776 bytes for Chunk::new
# Possible reasons:
#   The system is out of physical RAM or swap space
#   The process is running with CompressedOops enabled, and the Java Heap may be blocking the growth of the native heap
# Possible solutions:
#   Reduce memory load on the system
#   Increase physical memory or swap space
#   Check if swap backing store is full
#   Decrease Java heap size (-Xmx/-Xms)
#   Decrease number of Java threads
#   Decrease Java thread stack sizes (-Xss)
#   Set larger code cache with -XX:ReservedCodeCacheSize=
#   JVM is running with Unscaled Compressed Oops mode in which the Java heap is
#     placed in the first 4GB address space. The Java Heap base address is the
#     maximum limit for the native heap growth. Please use -XX:HeapBaseMinAddress
#     to set the Java Heap base and to place the Java Heap above 4GB virtual address.
# This output file may be truncated or incomplete.
#
#  Out of Memory Error (src/hotspot/share/memory/arena.cpp:197), pid=8940, tid=17584
#
# JRE version: OpenJDK Runtime Environment (11.0.15) (build 11.0.15+0-b2043.56-9505619)
# Java VM: OpenJDK 64-Bit Server VM (11.0.15+0-b2043.56-9505619, mixed mode, tiered, compressed oops, g1 gc, windows-amd64)
# No core dump will be written. Minidumps are not enabled by default on client versions of Windows
#

---------------  S U M M A R Y ------------

Command Line: -XX:MaxMetaspaceSize=512m --add-opens=java.base/java.util=ALL-UNNAMED --add-opens=java.base/java.lang=ALL-UNNAMED --add-opens=java.base/java.lang.invoke=ALL-UNNAMED --add-opens=java.prefs/java.util.prefs=ALL-UNNAMED --add-opens=java.base/java.nio.charset=ALL-UNNAMED --add-opens=java.base/java.net=ALL-UNNAMED --add-opens=java.base/java.util.concurrent.atomic=ALL-UNNAMED -Xmx2048m -Dfile.encoding=windows-1252 -Duser.country=IN -Duser.language=en -Duser.variant org.gradle.launcher.daemon.bootstrap.GradleDaemon 8.0.1

Host: AMD Ryzen 5 3500U with Radeon Vega Mobile Gfx  , 8 cores, 3G,  Windows 11 , 64 bit Build 22621 (10.0.22621.2215)
Time: Mon Oct  9 22:50:47 2023 India Standard Time elapsed time: 134.650101 seconds (0d 0h 2m 14s)

---------------  T H R E A D  ---------------

Current thread (0x00000217487c8000):  JavaThread "C2 CompilerThread0" daemon [_thread_in_native, id=17584, stack(0x000000ba36400000,0x000000ba36500000)]


Current CompileTask:
C2: 134650 6084       4       org.objectweb.asm.Frame::execute (2318 bytes)

Stack: [0x000000ba36400000,0x000000ba36500000]
Native frames: (J=compiled Java code, j=interpreted, Vv=VM code, C=native code)
V  [jvm.dll+0x64135a]
V  [jvm.dll+0x7d39f9]
V  [jvm.dll+0x7d51b9]
V  [jvm.dll+0x7d58a3]
V  [jvm.dll+0x2691c5]
V  [jvm.dll+0xc1a5c]
V  [jvm.dll+0xc200c]
V  [jvm.dll+0x377462]
V  [jvm.dll+0x1b3732]
V  [jvm.dll+0x22163e]
V  [jvm.dll+0x220498]
V  [jvm.dll+0x19e851]
V  [jvm.dll+0x230479]
V  [jvm.dll+0x22e5ef]
V  [jvm.dll+0x794de1]
V  [jvm.dll+0x78dc24]
V  [jvm.dll+0x6400f6]
C  [ucrtbase.dll+0x29363]
C  [KERNEL32.DLL+0x1257d]
C  [ntdll.dll+0x5aa68]


---------------  P R O C E S S  ---------------

Threads class SMR info:
_java_thread_list=0x000002174fe27680, length=70, elements={
0x000002172e31e800, 0x0000021748763800, 0x0000021748764800, 0x00000217487c1800,
0x00000217487c2800, 0x00000217487c6000, 0x00000217487c8000, 0x00000217487cb800,
0x00000217487cc800, 0x000002174923b000, 0x000002174a9ba000, 0x0000021749eeb000,
0x000002174a2be800, 0x0000021749ffa800, 0x000002174a076800, 0x000002174a02b000,
0x0000021749430800, 0x0000021749431800, 0x0000021749574800, 0x0000021749575800,
0x0000021749576000, 0x0000021749577000, 0x0000021749572000, 0x0000021749577800,
0x0000021749578800, 0x0000021749573800, 0x0000021749573000, 0x000002174b5d2000,
0x000002174b5cc800, 0x000002174b5d3000, 0x000002174b5cd000, 0x000002174b5d3800,
0x000002174b5ce000, 0x000002174b5d1800, 0x000002174b5d4800, 0x000002174b5cf000,
0x000002174b5d5800, 0x000002174b5cf800, 0x000002174b5d6000, 0x000002174b5db000,
0x000002174b5d7000, 0x000002174b5d8800, 0x000002174b5da800, 0x000002174b5d8000,
0x000002174b5d9800, 0x000002174b444000, 0x000002174b442800, 0x000002174b445000,
0x000002174b445800, 0x000002174b446800, 0x000002174b443000, 0x000002174b447800,
0x000002174b441800, 0x000002174b44a000, 0x000002174b449000, 0x000002174b44a800,
0x000002174b44b800, 0x000002174b44c000, 0x000002174b44d000, 0x000002174b44e000,
0x000002174b448000, 0x000002174b44e800, 0x000002174b450800, 0x000002174b44f800,
0x000002174d822800, 0x000002174d820000, 0x000002174d823800, 0x000002174d825000,
0x000002174d824000, 0x000002174d81f000
}

Java Threads: ( => current thread )
  0x000002172e31e800 JavaThread "main" [_thread_blocked, id=14068, stack(0x000000ba35800000,0x000000ba35900000)]
  0x0000021748763800 JavaThread "Reference Handler" daemon [_thread_blocked, id=18540, stack(0x000000ba35f00000,0x000000ba36000000)]
  0x0000021748764800 JavaThread "Finalizer" daemon [_thread_blocked, id=18844, stack(0x000000ba36000000,0x000000ba36100000)]
  0x00000217487c1800 JavaThread "Signal Dispatcher" daemon [_thread_blocked, id=18228, stack(0x000000ba36100000,0x000000ba36200000)]
  0x00000217487c2800 JavaThread "Attach Listener" daemon [_thread_blocked, id=18148, stack(0x000000ba36200000,0x000000ba36300000)]
  0x00000217487c6000 JavaThread "Service Thread" daemon [_thread_blocked, id=11532, stack(0x000000ba36300000,0x000000ba36400000)]
=>0x00000217487c8000 JavaThread "C2 CompilerThread0" daemon [_thread_in_native, id=17584, stack(0x000000ba36400000,0x000000ba36500000)]
  0x00000217487cb800 JavaThread "C1 CompilerThread0" daemon [_thread_blocked, id=18740, stack(0x000000ba36500000,0x000000ba36600000)]
  0x00000217487cc800 JavaThread "Sweeper thread" daemon [_thread_blocked, id=16100, stack(0x000000ba36600000,0x000000ba36700000)]
  0x000002174923b000 JavaThread "Common-Cleaner" daemon [_thread_blocked, id=18164, stack(0x000000ba36700000,0x000000ba36800000)]
  0x000002174a9ba000 JavaThread "Daemon health stats" [_thread_blocked, id=18392, stack(0x000000ba36a00000,0x000000ba36b00000)]
  0x0000021749eeb000 JavaThread "Incoming local TCP Connector on port 51256" [_thread_in_native, id=13044, stack(0x000000ba36b00000,0x000000ba36c00000)]
  0x000002174a2be800 JavaThread "Daemon periodic checks" [_thread_blocked, id=18592, stack(0x000000ba36c00000,0x000000ba36d00000)]
  0x0000021749ffa800 JavaThread "Daemon" [_thread_blocked, id=18128, stack(0x000000ba36d00000,0x000000ba36e00000)]
  0x000002174a076800 JavaThread "Handler for socket connection from /127.0.0.1:51256 to /127.0.0.1:51257" [_thread_in_native, id=7684, stack(0x000000ba36e00000,0x000000ba36f00000)]
  0x000002174a02b000 JavaThread "Cancel handler" [_thread_blocked, id=19268, stack(0x000000ba36f00000,0x000000ba37000000)]
  0x0000021749430800 JavaThread "Daemon worker" [_thread_in_native, id=7396, stack(0x000000ba37000000,0x000000ba37100000)]
  0x0000021749431800 JavaThread "Asynchronous log dispatcher for DefaultDaemonConnection: socket connection from /127.0.0.1:51256 to /127.0.0.1:51257" [_thread_blocked, id=15544, stack(0x000000ba37100000,0x000000ba37200000)]
  0x0000021749574800 JavaThread "Daemon client event forwarder" [_thread_blocked, id=10884, stack(0x000000ba37300000,0x000000ba37400000)]
  0x0000021749575800 JavaThread "Cache worker for journal cache (C:\Users\ACER\.gradle\caches\journal-1)" [_thread_blocked, id=13940, stack(0x000000ba37b00000,0x000000ba37c00000)]
  0x0000021749576000 JavaThread "File lock request listener" [_thread_in_native, id=2748, stack(0x000000ba37c00000,0x000000ba37d00000)]
  0x0000021749577000 JavaThread "Cache worker for file hash cache (C:\Users\ACER\.gradle\caches\8.0.1\fileHashes)" [_thread_blocked, id=12116, stack(0x000000ba37d00000,0x000000ba37e00000)]
  0x0000021749572000 JavaThread "File lock release action executor" [_thread_blocked, id=18496, stack(0x000000ba37e00000,0x000000ba37f00000)]
  0x0000021749577800 JavaThread "File watcher server" daemon [_thread_in_native, id=17496, stack(0x000000ba37f00000,0x000000ba38000000)]
  0x0000021749578800 JavaThread "File watcher consumer" daemon [_thread_blocked, id=14748, stack(0x000000ba38000000,0x000000ba38100000)]
  0x0000021749573800 JavaThread "jar transforms" [_thread_blocked, id=16572, stack(0x000000ba38100000,0x000000ba38200000)]
  0x0000021749573000 JavaThread "jar transforms Thread 2" [_thread_blocked, id=18700, stack(0x000000ba38200000,0x000000ba38300000)]
  0x000002174b5d2000 JavaThread "jar transforms Thread 3" [_thread_blocked, id=10100, stack(0x000000ba38300000,0x000000ba38400000)]
  0x000002174b5cc800 JavaThread "jar transforms Thread 4" [_thread_blocked, id=18728, stack(0x000000ba38400000,0x000000ba38500000)]
  0x000002174b5d3000 JavaThread "jar transforms Thread 5" [_thread_blocked, id=8100, stack(0x000000ba38500000,0x000000ba38600000)]
  0x000002174b5cd000 JavaThread "jar transforms Thread 6" [_thread_blocked, id=5820, stack(0x000000ba38600000,0x000000ba38700000)]
  0x000002174b5d3800 JavaThread "jar transforms Thread 7" [_thread_blocked, id=7116, stack(0x000000ba38700000,0x000000ba38800000)]
  0x000002174b5ce000 JavaThread "jar transforms Thread 8" [_thread_blocked, id=12496, stack(0x000000ba38800000,0x000000ba38900000)]
  0x000002174b5d1800 JavaThread "Cache worker for checksums cache (D:\Akki\Personal_Projects\Assignment\CRUD\my-project\android\.gradle\8.0.1\checksums)" [_thread_blocked, id=10432, stack(0x000000ba38900000,0x000000ba38a00000)]
  0x000002174b5d4800 JavaThread "Cache worker for cache directory md-rule (C:\Users\ACER\.gradle\caches\8.0.1\md-rule)" [_thread_blocked, id=18356, stack(0x000000ba38a00000,0x000000ba38b00000)]
  0x000002174b5cf000 JavaThread "Cache worker for file content cache (C:\Users\ACER\.gradle\caches\8.0.1\fileContent)" [_thread_blocked, id=18296, stack(0x000000ba38b00000,0x000000ba38c00000)]
  0x000002174b5d5800 JavaThread "Cache worker for file hash cache (D:\Akki\Personal_Projects\Assignment\CRUD\my-project\android\.gradle\8.0.1\fileHashes)" [_thread_blocked, id=18116, stack(0x000000ba38c00000,0x000000ba38d00000)]
  0x000002174b5cf800 JavaThread "Cache worker for cache directory md-supplier (C:\Users\ACER\.gradle\caches\8.0.1\md-supplier)" [_thread_blocked, id=15168, stack(0x000000ba38d00000,0x000000ba38e00000)]
  0x000002174b5d6000 JavaThread "Cache worker for execution history cache (C:\Users\ACER\.gradle\caches\8.0.1\executionHistory)" [_thread_blocked, id=17912, stack(0x000000ba39000000,0x000000ba39100000)]
  0x000002174b5db000 JavaThread "Cache worker for kotlin-dsl (C:\Users\ACER\.gradle\caches\8.0.1\kotlin-dsl)" [_thread_blocked, id=14216, stack(0x000000ba35500000,0x000000ba35600000)]
  0x000002174b5d7000 JavaThread "Cache worker for dependencies-accessors (D:\Akki\Personal_Projects\Assignment\CRUD\my-project\android\.gradle\8.0.1\dependencies-accessors)" [_thread_blocked, id=4164, stack(0x000000ba35600000,0x000000ba35700000)]
  0x000002174b5d8800 JavaThread "Cache worker for Build Output Cleanup Cache (D:\Akki\Personal_Projects\Assignment\CRUD\my-project\android\.gradle\buildOutputCleanup)" [_thread_blocked, id=19420, stack(0x000000ba35700000,0x000000ba35800000)]
  0x000002174b5da800 JavaThread "Cache worker for Build Output Cleanup Cache (D:\Akki\Personal_Projects\Assignment\CRUD\my-project\node_modules\@react-native\gradle-plugin\.gradle\buildOutputCleanup)" [_thread_blocked, id=9572, stack(0x000000ba37200000,0x000000ba37300000)]
  0x000002174b5d8000 JavaThread "Unconstrained build operations" [_thread_blocked, id=15804, stack(0x000000ba39100000,0x000000ba39200000)]
  0x000002174b5d9800 JavaThread "Unconstrained build operations Thread 2" [_thread_blocked, id=18996, stack(0x000000ba39200000,0x000000ba39300000)]
  0x000002174b444000 JavaThread "Unconstrained build operations Thread 3" [_thread_blocked, id=17824, stack(0x000000ba39300000,0x000000ba39400000)]
  0x000002174b442800 JavaThread "Unconstrained build operations Thread 4" [_thread_blocked, id=15768, stack(0x000000ba39400000,0x000000ba39500000)]
  0x000002174b445000 JavaThread "Unconstrained build operations Thread 5" [_thread_blocked, id=12920, stack(0x000000ba39500000,0x000000ba39600000)]
  0x000002174b445800 JavaThread "Unconstrained build operations Thread 6" [_thread_blocked, id=17304, stack(0x000000ba39600000,0x000000ba39700000)]
  0x000002174b446800 JavaThread "Unconstrained build operations Thread 7" [_thread_blocked, id=12736, stack(0x000000ba39700000,0x000000ba39800000)]
  0x000002174b443000 JavaThread "Unconstrained build operations Thread 8" [_thread_blocked, id=19192, stack(0x000000ba39800000,0x000000ba39900000)]
  0x000002174b447800 JavaThread "Unconstrained build operations Thread 9" [_thread_blocked, id=17504, stack(0x000000ba39900000,0x000000ba39a00000)]
  0x000002174b441800 JavaThread "Unconstrained build operations Thread 10" [_thread_blocked, id=18644, stack(0x000000ba39a00000,0x000000ba39b00000)]
  0x000002174b44a000 JavaThread "Unconstrained build operations Thread 11" [_thread_blocked, id=14452, stack(0x000000ba39b00000,0x000000ba39c00000)]
  0x000002174b449000 JavaThread "Unconstrained build operations Thread 12" [_thread_blocked, id=18564, stack(0x000000ba39c00000,0x000000ba39d00000)]
  0x000002174b44a800 JavaThread "Unconstrained build operations Thread 13" [_thread_blocked, id=1240, stack(0x000000ba39d00000,0x000000ba39e00000)]
  0x000002174b44b800 JavaThread "Unconstrained build operations Thread 14" [_thread_blocked, id=5232, stack(0x000000ba39e00000,0x000000ba39f00000)]
  0x000002174b44c000 JavaThread "Unconstrained build operations Thread 15" [_thread_blocked, id=18764, stack(0x000000ba39f00000,0x000000ba3a000000)]
  0x000002174b44d000 JavaThread "Unconstrained build operations Thread 16" [_thread_blocked, id=15700, stack(0x000000ba3a000000,0x000000ba3a100000)]
  0x000002174b44e000 JavaThread "Unconstrained build operations Thread 17" [_thread_blocked, id=8468, stack(0x000000ba3a100000,0x000000ba3a200000)]
  0x000002174b448000 JavaThread "Unconstrained build operations Thread 18" [_thread_blocked, id=19452, stack(0x000000ba3a200000,0x000000ba3a300000)]
  0x000002174b44e800 JavaThread "Unconstrained build operations Thread 19" [_thread_blocked, id=3980, stack(0x000000ba3a300000,0x000000ba3a400000)]
  0x000002174b450800 JavaThread "Unconstrained build operations Thread 20" [_thread_blocked, id=17068, stack(0x000000ba3a400000,0x000000ba3a500000)]
  0x000002174b44f800 JavaThread "Unconstrained build operations Thread 21" [_thread_blocked, id=18604, stack(0x000000ba3a500000,0x000000ba3a600000)]
  0x000002174d822800 JavaThread "Unconstrained build operations Thread 22" [_thread_blocked, id=8372, stack(0x000000ba3a600000,0x000000ba3a700000)]
  0x000002174d820000 JavaThread "Unconstrained build operations Thread 23" [_thread_blocked, id=13008, stack(0x000000ba3a700000,0x000000ba3a800000)]
  0x000002174d823800 JavaThread "Unconstrained build operations Thread 24" [_thread_blocked, id=5352, stack(0x000000ba3a800000,0x000000ba3a900000)]
  0x000002174d825000 JavaThread "Unconstrained build operations Thread 25" [_thread_blocked, id=16556, stack(0x000000ba3a900000,0x000000ba3aa00000)]
  0x000002174d824000 JavaThread "Unconstrained build operations Thread 26" [_thread_blocked, id=6316, stack(0x000000ba3aa00000,0x000000ba3ab00000)]
  0x000002174d81f000 JavaThread "Memory manager" [_thread_blocked, id=17844, stack(0x000000ba38e00000,0x000000ba38f00000)]

Other Threads:
  0x000002174875e000 VMThread "VM Thread" [stack: 0x000000ba35e00000,0x000000ba35f00000] [id=2140]
  0x0000021749280800 WatcherThread [stack: 0x000000ba36800000,0x000000ba36900000] [id=11764]
  0x000002172e339800 GCTaskThread "GC Thread#0" [stack: 0x000000ba35900000,0x000000ba35a00000] [id=6848]
  0x000002174a0c9800 GCTaskThread "GC Thread#1" [stack: 0x000000ba36900000,0x000000ba36a00000] [id=10644]
  0x0000021749f2d000 GCTaskThread "GC Thread#2" [stack: 0x000000ba37400000,0x000000ba37500000] [id=7420]
  0x0000021749d46800 GCTaskThread "GC Thread#3" [stack: 0x000000ba37500000,0x000000ba37600000] [id=18268]
  0x0000021749d47800 GCTaskThread "GC Thread#4" [stack: 0x000000ba37600000,0x000000ba37700000] [id=16972]
  0x000002174a342800 GCTaskThread "GC Thread#5" [stack: 0x000000ba37700000,0x000000ba37800000] [id=17908]
  0x000002174a343800 GCTaskThread "GC Thread#6" [stack: 0x000000ba37800000,0x000000ba37900000] [id=14740]
  0x000002174a01a000 GCTaskThread "GC Thread#7" [stack: 0x000000ba37900000,0x000000ba37a00000] [id=10896]
  0x000002172e36a000 ConcurrentGCThread "G1 Main Marker" [stack: 0x000000ba35a00000,0x000000ba35b00000] [id=7480]
  0x000002172e36c800 ConcurrentGCThread "G1 Conc#0" [stack: 0x000000ba35b00000,0x000000ba35c00000] [id=8348]
  0x000002174927a800 ConcurrentGCThread "G1 Conc#1" [stack: 0x000000ba37a00000,0x000000ba37b00000] [id=18776]
  0x000002172e3cd000 ConcurrentGCThread "G1 Refine#0" [stack: 0x000000ba35c00000,0x000000ba35d00000] [id=18456]
  0x000002172e3ce000 ConcurrentGCThread "G1 Young RemSet Sampling" [stack: 0x000000ba35d00000,0x000000ba35e00000] [id=17992]

Threads with active compile tasks:
C2 CompilerThread0   134957 6084       4       org.objectweb.asm.Frame::execute (2318 bytes)
C1 CompilerThread0   134957 6129       3       org.objectweb.asm.ClassWriter::toByteArray (1535 bytes)

VM state:not at safepoint (normal execution)

VM Mutex/Monitor currently owned by a thread: None

Heap address: 0x0000000080000000, size: 2048 MB, Compressed Oops mode: 32-bit
Narrow klass base: 0x0000000000000000, Narrow klass shift: 3
Compressed class space size: 528482304 Address: 0x0000000100000000

Heap:
 garbage-first heap   total 152576K, used 123584K [0x0000000080000000, 0x0000000100000000)
  region size 1024K, 11 young (11264K), 2 survivors (2048K)
 Metaspace       used 60010K, capacity 62116K, committed 62256K, reserved 571392K
  class space    used 7845K, capacity 8716K, committed 8832K, reserved 516096K
Heap Regions: E=young(eden), S=young(survivor), O=old, HS=humongous(starts), HC=humongous(continues), CS=collection set, F=free, A=archive, TAMS=top-at-mark-start (previous, next)
|   0|0x0000000080000000, 0x0000000080100000, 0x0000000080100000|100%|HS|  |TAMS 0x0000000080100000, 0x0000000080000000| Complete 
|   1|0x0000000080100000, 0x0000000080200000, 0x0000000080200000|100%|HC|  |TAMS 0x0000000080200000, 0x0000000080100000| Complete 
|   2|0x0000000080200000, 0x0000000080300000, 0x0000000080300000|100%|HC|  |TAMS 0x0000000080300000, 0x0000000080200000| Complete 
|   3|0x0000000080300000, 0x0000000080400000, 0x0000000080400000|100%|HC|  |TAMS 0x0000000080400000, 0x0000000080300000| Complete 
|   4|0x0000000080400000, 0x0000000080500000, 0x0000000080500000|100%| O|  |TAMS 0x0000000080500000, 0x0000000080400000| Untracked 
|   5|0x0000000080500000, 0x0000000080600000, 0x0000000080600000|100%| O|  |TAMS 0x0000000080600000, 0x0000000080500000| Untracked 
|   6|0x0000000080600000, 0x0000000080700000, 0x0000000080700000|100%| O|  |TAMS 0x0000000080700000, 0x0000000080600000| Untracked 
|   7|0x0000000080700000, 0x0000000080800000, 0x0000000080800000|100%| O|  |TAMS 0x0000000080800000, 0x0000000080700000| Untracked 
|   8|0x0000000080800000, 0x0000000080900000, 0x0000000080900000|100%| O|  |TAMS 0x0000000080900000, 0x0000000080800000| Untracked 
|   9|0x0000000080900000, 0x0000000080a00000, 0x0000000080a00000|100%| O|  |TAMS 0x0000000080a00000, 0x0000000080900000| Untracked 
|  10|0x0000000080a00000, 0x0000000080b00000, 0x0000000080b00000|100%| O|  |TAMS 0x0000000080b00000, 0x0000000080a00000| Untracked 
|  11|0x0000000080b00000, 0x0000000080c00000, 0x0000000080c00000|100%| O|  |TAMS 0x0000000080c00000, 0x0000000080b00000| Untracked 
|  12|0x0000000080c00000, 0x0000000080d00000, 0x0000000080d00000|100%| O|  |TAMS 0x0000000080d00000, 0x0000000080c00000| Untracked 
|  13|0x0000000080d00000, 0x0000000080e00000, 0x0000000080e00000|100%| O|  |TAMS 0x0000000080e00000, 0x0000000080d00000| Untracked 
|  14|0x0000000080e00000, 0x0000000080f00000, 0x0000000080f00000|100%| O|  |TAMS 0x0000000080f00000, 0x0000000080e00000| Untracked 
|  15|0x0000000080f00000, 0x0000000081000000, 0x0000000081000000|100%| O|  |TAMS 0x0000000081000000, 0x0000000080f00000| Untracked 
|  16|0x0000000081000000, 0x0000000081100000, 0x0000000081100000|100%| O|  |TAMS 0x0000000081100000, 0x0000000081000000| Untracked 
|  17|0x0000000081100000, 0x0000000081200000, 0x0000000081200000|100%| O|  |TAMS 0x0000000081200000, 0x0000000081100000| Untracked 
|  18|0x0000000081200000, 0x0000000081300000, 0x0000000081300000|100%| O|  |TAMS 0x0000000081300000, 0x0000000081200000| Untracked 
|  19|0x0000000081300000, 0x0000000081400000, 0x0000000081400000|100%|HS|  |TAMS 0x0000000081400000, 0x0000000081300000| Complete 
|  20|0x0000000081400000, 0x0000000081500000, 0x0000000081500000|100%|HC|  |TAMS 0x0000000081500000, 0x0000000081400000| Complete 
|  21|0x0000000081500000, 0x0000000081600000, 0x0000000081600000|100%|HS|  |TAMS 0x0000000081600000, 0x0000000081500000| Complete 
|  22|0x0000000081600000, 0x0000000081700000, 0x0000000081700000|100%|HC|  |TAMS 0x0000000081700000, 0x0000000081600000| Complete 
|  23|0x0000000081700000, 0x0000000081800000, 0x0000000081800000|100%|HC|  |TAMS 0x0000000081800000, 0x0000000081700000| Complete 
|  24|0x0000000081800000, 0x0000000081900000, 0x0000000081900000|100%| O|  |TAMS 0x0000000081900000, 0x0000000081800000| Untracked 
|  25|0x0000000081900000, 0x0000000081a00000, 0x0000000081a00000|100%|HS|  |TAMS 0x0000000081a00000, 0x0000000081900000| Complete 
|  26|0x0000000081a00000, 0x0000000081b00000, 0x0000000081b00000|100%|HC|  |TAMS 0x0000000081b00000, 0x0000000081a00000| Complete 
|  27|0x0000000081b00000, 0x0000000081c00000, 0x0000000081c00000|100%|HC|  |TAMS 0x0000000081c00000, 0x0000000081b00000| Complete 
|  28|0x0000000081c00000, 0x0000000081d00000, 0x0000000081d00000|100%| O|  |TAMS 0x0000000081d00000, 0x0000000081c00000| Untracked 
|  29|0x0000000081d00000, 0x0000000081e00000, 0x0000000081e00000|100%| O|  |TAMS 0x0000000081e00000, 0x0000000081d00000| Untracked 
|  30|0x0000000081e00000, 0x0000000081f00000, 0x0000000081f00000|100%| O|  |TAMS 0x0000000081f00000, 0x0000000081e00000| Untracked 
|  31|0x0000000081f00000, 0x0000000082000000, 0x0000000082000000|100%|HS|  |TAMS 0x0000000082000000, 0x0000000081f00000| Complete 
|  32|0x0000000082000000, 0x0000000082100000, 0x0000000082100000|100%|HC|  |TAMS 0x0000000082100000, 0x0000000082000000| Complete 
|  33|0x0000000082100000, 0x0000000082200000, 0x0000000082200000|100%|HS|  |TAMS 0x0000000082200000, 0x0000000082100000| Complete 
|  34|0x0000000082200000, 0x0000000082300000, 0x0000000082300000|100%|HC|  |TAMS 0x0000000082300000, 0x0000000082200000| Complete 
|  35|0x0000000082300000, 0x0000000082400000, 0x0000000082400000|100%|HC|  |TAMS 0x0000000082400000, 0x0000000082300000| Complete 
|  36|0x0000000082400000, 0x0000000082500000, 0x0000000082500000|100%|HC|  |TAMS 0x0000000082500000, 0x0000000082400000| Complete 
|  37|0x0000000082500000, 0x0000000082600000, 0x0000000082600000|100%|HC|  |TAMS 0x0000000082600000, 0x0000000082500000| Complete 
|  38|0x0000000082600000, 0x0000000082700000, 0x0000000082700000|100%|HC|  |TAMS 0x0000000082700000, 0x0000000082600000| Complete 
|  39|0x0000000082700000, 0x0000000082800000, 0x0000000082800000|100%|HC|  |TAMS 0x0000000082800000, 0x0000000082700000| Complete 
|  40|0x0000000082800000, 0x0000000082900000, 0x0000000082900000|100%|HC|  |TAMS 0x0000000082900000, 0x0000000082800000| Complete 
|  41|0x0000000082900000, 0x0000000082a00000, 0x0000000082a00000|100%|HC|  |TAMS 0x0000000082a00000, 0x0000000082900000| Complete 
|  42|0x0000000082a00000, 0x0000000082b00000, 0x0000000082b00000|100%|HC|  |TAMS 0x0000000082b00000, 0x0000000082a00000| Complete 
|  43|0x0000000082b00000, 0x0000000082c00000, 0x0000000082c00000|100%| O|  |TAMS 0x0000000082c00000, 0x0000000082b00000| Untracked 
|  44|0x0000000082c00000, 0x0000000082d00000, 0x0000000082d00000|100%|HS|  |TAMS 0x0000000082d00000, 0x0000000082c00000| Complete 
|  45|0x0000000082d00000, 0x0000000082e00000, 0x0000000082e00000|100%|HC|  |TAMS 0x0000000082e00000, 0x0000000082d00000| Complete 
|  46|0x0000000082e00000, 0x0000000082f00000, 0x0000000082f00000|100%|HS|  |TAMS 0x0000000082f00000, 0x0000000082e00000| Complete 
|  47|0x0000000082f00000, 0x0000000083000000, 0x0000000083000000|100%|HC|  |TAMS 0x0000000083000000, 0x0000000082f00000| Complete 
|  48|0x0000000083000000, 0x0000000083100000, 0x0000000083100000|100%|HC|  |TAMS 0x0000000083100000, 0x0000000083000000| Complete 
|  49|0x0000000083100000, 0x0000000083200000, 0x0000000083200000|100%|HC|  |TAMS 0x0000000083200000, 0x0000000083100000| Complete 
|  50|0x0000000083200000, 0x0000000083300000, 0x0000000083300000|100%|HC|  |TAMS 0x0000000083300000, 0x0000000083200000| Complete 
|  51|0x0000000083300000, 0x0000000083400000, 0x0000000083400000|100%| O|  |TAMS 0x0000000083400000, 0x0000000083300000| Untracked 
|  52|0x0000000083400000, 0x0000000083500000, 0x0000000083500000|100%| O|  |TAMS 0x0000000083500000, 0x0000000083400000| Untracked 
|  53|0x0000000083500000, 0x0000000083600000, 0x0000000083600000|100%| O|  |TAMS 0x0000000083600000, 0x0000000083500000| Untracked 
|  54|0x0000000083600000, 0x0000000083700000, 0x0000000083700000|100%| O|  |TAMS 0x0000000083700000, 0x0000000083600000| Untracked 
|  55|0x0000000083700000, 0x0000000083800000, 0x0000000083800000|100%| O|  |TAMS 0x0000000083800000, 0x0000000083700000| Untracked 
|  56|0x0000000083800000, 0x0000000083900000, 0x0000000083900000|100%| O|  |TAMS 0x0000000083900000, 0x0000000083800000| Untracked 
|  57|0x0000000083900000, 0x0000000083a00000, 0x0000000083a00000|100%| O|  |TAMS 0x0000000083a00000, 0x0000000083900000| Untracked 
|  58|0x0000000083a00000, 0x0000000083b00000, 0x0000000083b00000|100%| O|  |TAMS 0x0000000083b00000, 0x0000000083a00000| Untracked 
|  59|0x0000000083b00000, 0x0000000083c00000, 0x0000000083c00000|100%| O|  |TAMS 0x0000000083c00000, 0x0000000083b00000| Untracked 
|  60|0x0000000083c00000, 0x0000000083c00000, 0x0000000083d00000|  0%| F|  |TAMS 0x0000000083c00000, 0x0000000083c00000| Untracked 
|  61|0x0000000083d00000, 0x0000000083e00000, 0x0000000083e00000|100%| O|  |TAMS 0x0000000083e00000, 0x0000000083d00000| Untracked 
|  62|0x0000000083e00000, 0x0000000083f00000, 0x0000000083f00000|100%| O|  |TAMS 0x0000000083f00000, 0x0000000083e00000| Untracked 
|  63|0x0000000083f00000, 0x0000000084000000, 0x0000000084000000|100%| O|  |TAMS 0x0000000084000000, 0x0000000083f00000| Untracked 
|  64|0x0000000084000000, 0x0000000084100000, 0x0000000084100000|100%| O|  |TAMS 0x0000000084100000, 0x0000000084000000| Untracked 
|  65|0x0000000084100000, 0x0000000084200000, 0x0000000084200000|100%|HS|  |TAMS 0x0000000084200000, 0x0000000084100000| Complete 
|  66|0x0000000084200000, 0x0000000084300000, 0x0000000084300000|100%|HC|  |TAMS 0x0000000084300000, 0x0000000084200000| Complete 
|  67|0x0000000084300000, 0x0000000084400000, 0x0000000084400000|100%|HC|  |TAMS 0x0000000084400000, 0x0000000084300000| Complete 
|  68|0x0000000084400000, 0x0000000084500000, 0x0000000084500000|100%|HC|  |TAMS 0x0000000084500000, 0x0000000084400000| Complete 
|  69|0x0000000084500000, 0x0000000084600000, 0x0000000084600000|100%|HC|  |TAMS 0x0000000084600000, 0x0000000084500000| Complete 
|  70|0x0000000084600000, 0x0000000084700000, 0x0000000084700000|100%|HC|  |TAMS 0x0000000084700000, 0x0000000084600000| Complete 
|  71|0x0000000084700000, 0x0000000084800000, 0x0000000084800000|100%|HC|  |TAMS 0x0000000084800000, 0x0000000084700000| Complete 
|  72|0x0000000084800000, 0x0000000084900000, 0x0000000084900000|100%|HC|  |TAMS 0x0000000084900000, 0x0000000084800000| Complete 
|  73|0x0000000084900000, 0x0000000084a00000, 0x0000000084a00000|100%|HC|  |TAMS 0x0000000084a00000, 0x0000000084900000| Complete 
|  74|0x0000000084a00000, 0x0000000084b00000, 0x0000000084b00000|100%|HC|  |TAMS 0x0000000084b00000, 0x0000000084a00000| Complete 
|  75|0x0000000084b00000, 0x0000000084c00000, 0x0000000084c00000|100%|HS|  |TAMS 0x0000000084c00000, 0x0000000084b00000| Complete 
|  76|0x0000000084c00000, 0x0000000084d00000, 0x0000000084d00000|100%|HC|  |TAMS 0x0000000084d00000, 0x0000000084c00000| Complete 
|  77|0x0000000084d00000, 0x0000000084e00000, 0x0000000084e00000|100%|HS|  |TAMS 0x0000000084e00000, 0x0000000084d00000| Complete 
|  78|0x0000000084e00000, 0x0000000084f00000, 0x0000000084f00000|100%|HC|  |TAMS 0x0000000084f00000, 0x0000000084e00000| Complete 
|  79|0x0000000084f00000, 0x0000000085000000, 0x0000000085000000|100%|HC|  |TAMS 0x0000000085000000, 0x0000000084f00000| Complete 
|  80|0x0000000085000000, 0x0000000085100000, 0x0000000085100000|100%|HS|  |TAMS 0x0000000085100000, 0x0000000085000000| Complete 
|  81|0x0000000085100000, 0x0000000085200000, 0x0000000085200000|100%|HC|  |TAMS 0x0000000085200000, 0x0000000085100000| Complete 
|  82|0x0000000085200000, 0x0000000085300000, 0x0000000085300000|100%|HS|  |TAMS 0x0000000085300000, 0x0000000085200000| Complete 
|  83|0x0000000085300000, 0x0000000085400000, 0x0000000085400000|100%|HC|  |TAMS 0x0000000085400000, 0x0000000085300000| Complete 
|  84|0x0000000085400000, 0x0000000085500000, 0x0000000085500000|100%|HC|  |TAMS 0x0000000085500000, 0x0000000085400000| Complete 
|  85|0x0000000085500000, 0x0000000085600000, 0x0000000085600000|100%| O|  |TAMS 0x0000000085600000, 0x0000000085500000| Untracked 
|  86|0x0000000085600000, 0x0000000085700000, 0x0000000085700000|100%| O|  |TAMS 0x0000000085700000, 0x0000000085600000| Untracked 
|  87|0x0000000085700000, 0x0000000085800000, 0x0000000085800000|100%| O|  |TAMS 0x0000000085800000, 0x0000000085700000| Untracked 
|  88|0x0000000085800000, 0x0000000085900000, 0x0000000085900000|100%| O|  |TAMS 0x0000000085900000, 0x0000000085800000| Untracked 
|  89|0x0000000085900000, 0x0000000085a00000, 0x0000000085a00000|100%| O|  |TAMS 0x0000000085a00000, 0x0000000085900000| Untracked 
|  90|0x0000000085a00000, 0x0000000085b00000, 0x0000000085b00000|100%| O|  |TAMS 0x0000000085b00000, 0x0000000085a00000| Untracked 
|  91|0x0000000085b00000, 0x0000000085c00000, 0x0000000085c00000|100%| O|  |TAMS 0x0000000085c00000, 0x0000000085b00000| Untracked 
|  92|0x0000000085c00000, 0x0000000085d00000, 0x0000000085d00000|100%| O|  |TAMS 0x0000000085d00000, 0x0000000085c00000| Untracked 
|  93|0x0000000085d00000, 0x0000000085e00000, 0x0000000085e00000|100%| O|  |TAMS 0x0000000085e00000, 0x0000000085d00000| Untracked 
|  94|0x0000000085e00000, 0x0000000085f00000, 0x0000000085f00000|100%| O|  |TAMS 0x0000000085f00000, 0x0000000085e00000| Untracked 
|  95|0x0000000085f00000, 0x0000000086000000, 0x0000000086000000|100%|HS|  |TAMS 0x0000000086000000, 0x0000000085f00000| Complete 
|  96|0x0000000086000000, 0x0000000086100000, 0x0000000086100000|100%|HC|  |TAMS 0x0000000086100000, 0x0000000086000000| Complete 
|  97|0x0000000086100000, 0x0000000086200000, 0x0000000086200000|100%|HC|  |TAMS 0x0000000086200000, 0x0000000086100000| Complete 
|  98|0x0000000086200000, 0x0000000086300000, 0x0000000086300000|100%|HC|  |TAMS 0x0000000086300000, 0x0000000086200000| Complete 
|  99|0x0000000086300000, 0x0000000086400000, 0x0000000086400000|100%|HC|  |TAMS 0x0000000086400000, 0x0000000086300000| Complete 
| 100|0x0000000086400000, 0x0000000086500000, 0x0000000086500000|100%| O|  |TAMS 0x0000000086500000, 0x0000000086400000| Untracked 
| 101|0x0000000086500000, 0x0000000086600000, 0x0000000086600000|100%| O|  |TAMS 0x0000000086600000, 0x0000000086500000| Untracked 
| 102|0x0000000086600000, 0x0000000086700000, 0x0000000086700000|100%| O|  |TAMS 0x0000000086700000, 0x0000000086600000| Untracked 
| 103|0x0000000086700000, 0x0000000086800000, 0x0000000086800000|100%| O|  |TAMS 0x0000000086727a00, 0x0000000086700000| Untracked 
| 104|0x0000000086800000, 0x0000000086900000, 0x0000000086900000|100%|HS|  |TAMS 0x0000000086800000, 0x0000000086800000| Complete 
| 105|0x0000000086900000, 0x0000000086a00000, 0x0000000086a00000|100%|HC|  |TAMS 0x0000000086900000, 0x0000000086900000| Complete 
| 106|0x0000000086a00000, 0x0000000086b00000, 0x0000000086b00000|100%|HS|  |TAMS 0x0000000086a00000, 0x0000000086a00000| Complete 
| 107|0x0000000086b00000, 0x0000000086c00000, 0x0000000086c00000|100%|HC|  |TAMS 0x0000000086b00000, 0x0000000086b00000| Complete 
| 108|0x0000000086c00000, 0x0000000086d00000, 0x0000000086d00000|100%|HC|  |TAMS 0x0000000086c00000, 0x0000000086c00000| Complete 
| 109|0x0000000086d00000, 0x0000000086e00000, 0x0000000086e00000|100%|HC|  |TAMS 0x0000000086d00000, 0x0000000086d00000| Complete 
| 110|0x0000000086e00000, 0x0000000086f00000, 0x0000000086f00000|100%| O|  |TAMS 0x0000000086e00000, 0x0000000086e00000| Untracked 
| 111|0x0000000086f00000, 0x0000000087000000, 0x0000000087000000|100%| O|  |TAMS 0x0000000086f00000, 0x0000000086f00000| Untracked 
| 112|0x0000000087000000, 0x0000000087079000, 0x0000000087100000| 47%| O|  |TAMS 0x0000000087000000, 0x0000000087000000| Untracked 
| 113|0x0000000087100000, 0x0000000087100000, 0x0000000087200000|  0%| F|  |TAMS 0x0000000087100000, 0x0000000087100000| Untracked 
| 114|0x0000000087200000, 0x0000000087200000, 0x0000000087300000|  0%| F|  |TAMS 0x0000000087200000, 0x0000000087200000| Untracked 
| 115|0x0000000087300000, 0x0000000087300000, 0x0000000087400000|  0%| F|  |TAMS 0x0000000087300000, 0x0000000087300000| Untracked 
| 116|0x0000000087400000, 0x0000000087400000, 0x0000000087500000|  0%| F|  |TAMS 0x0000000087400000, 0x0000000087400000| Untracked 
| 117|0x0000000087500000, 0x0000000087500000, 0x0000000087600000|  0%| F|  |TAMS 0x0000000087500000, 0x0000000087500000| Untracked 
| 118|0x0000000087600000, 0x0000000087600000, 0x0000000087700000|  0%| F|  |TAMS 0x0000000087600000, 0x0000000087600000| Untracked 
| 119|0x0000000087700000, 0x0000000087700000, 0x0000000087800000|  0%| F|  |TAMS 0x0000000087700000, 0x0000000087700000| Untracked 
| 120|0x0000000087800000, 0x0000000087800000, 0x0000000087900000|  0%| F|  |TAMS 0x0000000087800000, 0x0000000087800000| Untracked 
| 121|0x0000000087900000, 0x0000000087900000, 0x0000000087a00000|  0%| F|  |TAMS 0x0000000087900000, 0x0000000087900000| Untracked 
| 122|0x0000000087a00000, 0x0000000087a00000, 0x0000000087b00000|  0%| F|  |TAMS 0x0000000087a00000, 0x0000000087a00000| Untracked 
| 123|0x0000000087b00000, 0x0000000087b00000, 0x0000000087c00000|  0%| F|  |TAMS 0x0000000087b00000, 0x0000000087b00000| Untracked 
| 124|0x0000000087c00000, 0x0000000087c00000, 0x0000000087d00000|  0%| F|  |TAMS 0x0000000087c00000, 0x0000000087c00000| Untracked 
| 125|0x0000000087d00000, 0x0000000087d00000, 0x0000000087e00000|  0%| F|  |TAMS 0x0000000087d00000, 0x0000000087d00000| Untracked 
| 126|0x0000000087e00000, 0x0000000087e00000, 0x0000000087f00000|  0%| F|  |TAMS 0x0000000087e00000, 0x0000000087e00000| Untracked 
| 127|0x0000000087f00000, 0x0000000087f00000, 0x0000000088000000|  0%| F|  |TAMS 0x0000000087f00000, 0x0000000087f00000| Untracked 
| 128|0x0000000088000000, 0x0000000088000000, 0x0000000088100000|  0%| F|  |TAMS 0x0000000088000000, 0x0000000088000000| Untracked 
| 129|0x0000000088100000, 0x0000000088100000, 0x0000000088200000|  0%| F|  |TAMS 0x0000000088100000, 0x0000000088100000| Untracked 
| 130|0x0000000088200000, 0x0000000088200000, 0x0000000088300000|  0%| F|  |TAMS 0x0000000088200000, 0x0000000088200000| Untracked 
| 131|0x0000000088300000, 0x0000000088300000, 0x0000000088400000|  0%| F|  |TAMS 0x0000000088300000, 0x0000000088300000| Untracked 
| 132|0x0000000088400000, 0x0000000088400000, 0x0000000088500000|  0%| F|  |TAMS 0x0000000088400000, 0x0000000088400000| Untracked 
| 133|0x0000000088500000, 0x0000000088500000, 0x0000000088600000|  0%| F|  |TAMS 0x0000000088500000, 0x0000000088500000| Untracked 
| 134|0x0000000088600000, 0x0000000088600000, 0x0000000088700000|  0%| F|  |TAMS 0x0000000088600000, 0x0000000088600000| Untracked 
| 135|0x0000000088700000, 0x0000000088700000, 0x0000000088800000|  0%| F|  |TAMS 0x0000000088700000, 0x0000000088700000| Untracked 
| 136|0x0000000088800000, 0x0000000088837140, 0x0000000088900000| 21%| S|CS|TAMS 0x0000000088800000, 0x0000000088800000| Complete 
| 137|0x0000000088900000, 0x0000000088a00000, 0x0000000088a00000|100%| S|CS|TAMS 0x0000000088900000, 0x0000000088900000| Complete 
| 138|0x0000000088a00000, 0x0000000088a00000, 0x0000000088b00000|  0%| F|  |TAMS 0x0000000088a00000, 0x0000000088a00000| Untracked 
| 139|0x0000000088b00000, 0x0000000088b00000, 0x0000000088c00000|  0%| F|  |TAMS 0x0000000088b00000, 0x0000000088b00000| Untracked 
| 140|0x0000000088c00000, 0x0000000088c8ee60, 0x0000000088d00000| 55%| E|  |TAMS 0x0000000088c00000, 0x0000000088c00000| Complete 
| 141|0x0000000088d00000, 0x0000000088e00000, 0x0000000088e00000|100%| E|CS|TAMS 0x0000000088d00000, 0x0000000088d00000| Complete 
| 142|0x0000000088e00000, 0x0000000088f00000, 0x0000000088f00000|100%| E|CS|TAMS 0x0000000088e00000, 0x0000000088e00000| Complete 
| 143|0x0000000088f00000, 0x0000000089000000, 0x0000000089000000|100%| E|CS|TAMS 0x0000000088f00000, 0x0000000088f00000| Complete 
| 144|0x0000000089000000, 0x0000000089100000, 0x0000000089100000|100%| E|CS|TAMS 0x0000000089000000, 0x0000000089000000| Complete 
| 145|0x0000000089100000, 0x0000000089200000, 0x0000000089200000|100%| E|CS|TAMS 0x0000000089100000, 0x0000000089100000| Complete 
| 146|0x0000000089200000, 0x0000000089300000, 0x0000000089300000|100%| E|CS|TAMS 0x0000000089200000, 0x0000000089200000| Complete 
| 147|0x0000000089300000, 0x0000000089400000, 0x0000000089400000|100%| E|CS|TAMS 0x0000000089300000, 0x0000000089300000| Complete 
| 148|0x0000000089400000, 0x0000000089500000, 0x0000000089500000|100%| E|CS|TAMS 0x0000000089400000, 0x0000000089400000| Complete 

Card table byte_map: [0x0000021741570000,0x0000021741970000] _byte_map_base: 0x0000021741170000

Marking Bits (Prev, Next): (CMBitMap*) 0x000002172e3613c8, (CMBitMap*) 0x000002172e361400
 Prev Bits: [0x0000021741d70000, 0x0000021743d70000)
 Next Bits: [0x0000021743d70000, 0x0000021745d70000)

Polling page: 0x000002172c260000

Metaspace:

Usage:
  Non-class:     52.15 MB capacity,    50.95 MB ( 98%) used,     1.01 MB (  2%) free+waste,   196.69 KB ( <1%) overhead. 
      Class:      8.51 MB capacity,     7.67 MB ( 90%) used,   769.09 KB (  9%) free+waste,    97.88 KB (  1%) overhead. 
       Both:     60.66 MB capacity,    58.61 MB ( 97%) used,     1.76 MB (  3%) free+waste,   294.56 KB ( <1%) overhead. 

Virtual space:
  Non-class space:       54.00 MB reserved,      52.17 MB ( 97%) committed 
      Class space:      504.00 MB reserved,       8.62 MB (  2%) committed 
             Both:      558.00 MB reserved,      60.80 MB ( 11%) committed 

Chunk freelists:
   Non-Class:  24.00 KB
       Class:  20.00 KB
        Both:  44.00 KB

MaxMetaspaceSize: 512.00 MB
CompressedClassSpaceSize: 504.00 MB
Initial GC threshold: 20.80 MB
Current GC threshold: 93.83 MB
CDS: off

CodeHeap 'non-profiled nmethods': size=120000Kb used=3664Kb max_used=3664Kb free=116335Kb
 bounds [0x0000021739910000, 0x0000021739cb0000, 0x0000021740e40000]
CodeHeap 'profiled nmethods': size=120000Kb used=13189Kb max_used=13189Kb free=106810Kb
 bounds [0x00000217323e0000, 0x00000217330d0000, 0x0000021739910000]
CodeHeap 'non-nmethods': size=5760Kb used=2329Kb max_used=2365Kb free=3431Kb
 bounds [0x0000021731e40000, 0x00000217320b0000, 0x00000217323e0000]
 total_blobs=6943 nmethods=6103 adapters=752
 compilation: enabled
              stopped_count=0, restarted_count=0
 full_count=0

Compilation events (20 events):
Event: 134.196 Thread 0x00000217487cb800 6108       3       java.lang.invoke.ClassSpecializer$Factory$1Var::<init> (146 bytes)
Event: 134.202 Thread 0x00000217487cb800 nmethod 6108 0x00000217330b1190 code [0x00000217330b15a0, 0x00000217330b2e98]
Event: 134.202 Thread 0x00000217487cb800 6109       3       java.lang.invoke.ClassSpecializer$Factory$1Var::nextSlotIndex (24 bytes)
Event: 134.202 Thread 0x00000217487cb800 nmethod 6109 0x00000217330b3890 code [0x00000217330b3a60, 0x00000217330b3cf8]
Event: 134.203 Thread 0x00000217487cb800 6112       3       java.lang.invoke.BoundMethodHandle::speciesDataFor (32 bytes)
Event: 134.204 Thread 0x00000217487cb800 nmethod 6112 0x00000217330b3e10 code [0x00000217330b3fe0, 0x00000217330b4338]
Event: 134.213 Thread 0x00000217487cb800 6114       3       java.lang.invoke.DirectMethodHandle::preparedFieldLambdaForm (183 bytes)
Event: 134.215 Thread 0x00000217487cb800 nmethod 6114 0x00000217330b4490 code [0x00000217330b4700, 0x00000217330b4e58]
Event: 134.220 Thread 0x00000217487cb800 6116       3       java.util.ImmutableCollections$AbstractImmutableList::<init> (5 bytes)
Event: 134.221 Thread 0x00000217487cb800 nmethod 6116 0x00000217330b5190 code [0x00000217330b5360, 0x00000217330b5578]
Event: 134.221 Thread 0x00000217487cb800 6117       3       java.lang.invoke.ClassSpecializer$Factory$1Var::emitVarInstruction (73 bytes)
Event: 134.223 Thread 0x00000217487cb800 nmethod 6117 0x00000217330b5690 code [0x00000217330b5940, 0x00000217330b6478]
Event: 134.223 Thread 0x00000217487cb800 6118       3       java.lang.invoke.ClassSpecializer$Factory::typeLoadOp (90 bytes)
Event: 134.225 Thread 0x00000217487cb800 nmethod 6118 0x00000217330b6910 code [0x00000217330b6b80, 0x00000217330b7578]
Event: 134.225 Thread 0x00000217487cb800 6119       3       java.lang.invoke.MethodType::listToArray (22 bytes)
Event: 134.226 Thread 0x00000217487cb800 nmethod 6119 0x00000217330b7890 code [0x00000217330b7ae0, 0x00000217330b8268]
Event: 134.226 Thread 0x00000217487cb800 6121       3       java.lang.invoke.LambdaFormBuffer::insertExpression (30 bytes)
Event: 134.226 Thread 0x00000217487cb800 nmethod 6121 0x00000217330b8510 code [0x00000217330b86c0, 0x00000217330b8808]
Event: 134.403 Thread 0x00000217487cb800 6123       3       com.google.common.base.Preconditions::checkArgument (29 bytes)
Event: 134.406 Thread 0x00000217487cb800 nmethod 6123 0x00000217330b8890 code [0x00000217330b8a80, 0x00000217330b8ff8]

GC Heap History (20 events):
Event: 117.776 GC heap before
{Heap before GC invocations=86 (full 0):
 garbage-first heap   total 126976K, used 109272K [0x0000000080000000, 0x0000000100000000)
  region size 1024K, 7 young (7168K), 1 survivors (1024K)
 Metaspace       used 53931K, capacity 55816K, committed 56112K, reserved 565248K
  class space    used 7009K, capacity 7763K, committed 7808K, reserved 516096K
}
Event: 117.782 GC heap after
{Heap after GC invocations=87 (full 0):
 garbage-first heap   total 126976K, used 103760K [0x0000000080000000, 0x0000000100000000)
  region size 1024K, 1 young (1024K), 1 survivors (1024K)
 Metaspace       used 53931K, capacity 55816K, committed 56112K, reserved 565248K
  class space    used 7009K, capacity 7763K, committed 7808K, reserved 516096K
}
Event: 118.405 GC heap before
{Heap before GC invocations=88 (full 0):
 garbage-first heap   total 126976K, used 109904K [0x0000000080000000, 0x0000000100000000)
  region size 1024K, 7 young (7168K), 1 survivors (1024K)
 Metaspace       used 54321K, capacity 56226K, committed 56496K, reserved 565248K
  class space    used 7056K, capacity 7836K, committed 7936K, reserved 516096K
}
Event: 118.410 GC heap after
{Heap after GC invocations=89 (full 0):
 garbage-first heap   total 126976K, used 103853K [0x0000000080000000, 0x0000000100000000)
  region size 1024K, 1 young (1024K), 1 survivors (1024K)
 Metaspace       used 54321K, capacity 56226K, committed 56496K, reserved 565248K
  class space    used 7056K, capacity 7836K, committed 7936K, reserved 516096K
}
Event: 119.061 GC heap before
{Heap before GC invocations=89 (full 0):
 garbage-first heap   total 126976K, used 108973K [0x0000000080000000, 0x0000000100000000)
  region size 1024K, 6 young (6144K), 1 survivors (1024K)
 Metaspace       used 54729K, capacity 56669K, committed 56752K, reserved 565248K
  class space    used 7105K, capacity 7876K, committed 7936K, reserved 516096K
}
Event: 119.065 GC heap after
{Heap after GC invocations=90 (full 0):
 garbage-first heap   total 126976K, used 103884K [0x0000000080000000, 0x0000000100000000)
  region size 1024K, 1 young (1024K), 1 survivors (1024K)
 Metaspace       used 54729K, capacity 56669K, committed 56752K, reserved 565248K
  class space    used 7105K, capacity 7876K, committed 7936K, reserved 516096K
}
Event: 119.612 GC heap before
{Heap before GC invocations=91 (full 0):
 garbage-first heap   total 126976K, used 109004K [0x0000000080000000, 0x0000000100000000)
  region size 1024K, 6 young (6144K), 1 survivors (1024K)
 Metaspace       used 55029K, capacity 56971K, committed 57008K, reserved 565248K
  class space    used 7155K, capacity 7935K, committed 7936K, reserved 516096K
}
Event: 119.616 GC heap after
{Heap after GC invocations=92 (full 0):
 garbage-first heap   total 126976K, used 104006K [0x0000000080000000, 0x0000000100000000)
  region size 1024K, 1 young (1024K), 1 survivors (1024K)
 Metaspace       used 55029K, capacity 56971K, committed 57008K, reserved 565248K
  class space    used 7155K, capacity 7935K, committed 7936K, reserved 516096K
}
Event: 120.526 GC heap before
{Heap before GC invocations=92 (full 0):
 garbage-first heap   total 126976K, used 110150K [0x0000000080000000, 0x0000000100000000)
  region size 1024K, 7 young (7168K), 1 survivors (1024K)
 Metaspace       used 55364K, capacity 57279K, committed 57392K, reserved 567296K
  class space    used 7203K, capacity 7994K, committed 8064K, reserved 516096K
}
Event: 120.530 GC heap after
{Heap after GC invocations=93 (full 0):
 garbage-first heap   total 126976K, used 104541K [0x0000000080000000, 0x0000000100000000)
  region size 1024K, 1 young (1024K), 1 survivors (1024K)
 Metaspace       used 55364K, capacity 57279K, committed 57392K, reserved 567296K
  class space    used 7203K, capacity 7994K, committed 8064K, reserved 516096K
}
Event: 123.708 GC heap before
{Heap before GC invocations=94 (full 0):
 garbage-first heap   total 126976K, used 109661K [0x0000000080000000, 0x0000000100000000)
  region size 1024K, 7 young (7168K), 1 survivors (1024K)
 Metaspace       used 55447K, capacity 57416K, committed 57648K, reserved 567296K
  class space    used 7206K, capacity 7997K, committed 8064K, reserved 516096K
}
Event: 123.779 GC heap after
{Heap after GC invocations=95 (full 0):
 garbage-first heap   total 126976K, used 106654K [0x0000000080000000, 0x0000000100000000)
  region size 1024K, 1 young (1024K), 1 survivors (1024K)
 Metaspace       used 55447K, capacity 57416K, committed 57648K, reserved 567296K
  class space    used 7206K, capacity 7997K, committed 8064K, reserved 516096K
}
Event: 126.574 GC heap before
{Heap before GC invocations=96 (full 0):
 garbage-first heap   total 126976K, used 116894K [0x0000000080000000, 0x0000000100000000)
  region size 1024K, 6 young (6144K), 1 survivors (1024K)
 Metaspace       used 56124K, capacity 58129K, committed 58288K, reserved 567296K
  class space    used 7278K, capacity 8086K, committed 8192K, reserved 516096K
}
Event: 126.624 GC heap after
{Heap after GC invocations=97 (full 0):
 garbage-first heap   total 126976K, used 114497K [0x0000000080000000, 0x0000000100000000)
  region size 1024K, 1 young (1024K), 1 survivors (1024K)
 Metaspace       used 56124K, capacity 58129K, committed 58288K, reserved 567296K
  class space    used 7278K, capacity 8086K, committed 8192K, reserved 516096K
}
Event: 128.556 GC heap before
{Heap before GC invocations=97 (full 0):
 garbage-first heap   total 126976K, used 119617K [0x0000000080000000, 0x0000000100000000)
  region size 1024K, 6 young (6144K), 1 survivors (1024K)
 Metaspace       used 57046K, capacity 59076K, committed 59440K, reserved 567296K
  class space    used 7390K, capacity 8211K, committed 8320K, reserved 516096K
}
Event: 128.574 GC heap after
{Heap after GC invocations=98 (full 0):
 garbage-first heap   total 152576K, used 114497K [0x0000000080000000, 0x0000000100000000)
  region size 1024K, 1 young (1024K), 1 survivors (1024K)
 Metaspace       used 57046K, capacity 59076K, committed 59440K, reserved 567296K
  class space    used 7390K, capacity 8211K, committed 8320K, reserved 516096K
}
Event: 131.506 GC heap before
{Heap before GC invocations=98 (full 0):
 garbage-first heap   total 152576K, used 123713K [0x0000000080000000, 0x0000000100000000)
  region size 1024K, 10 young (10240K), 1 survivors (1024K)
 Metaspace       used 58430K, capacity 60461K, committed 60592K, reserved 569344K
  class space    used 7580K, capacity 8395K, committed 8448K, reserved 516096K
}
Event: 131.568 GC heap after
{Heap after GC invocations=99 (full 0):
 garbage-first heap   total 152576K, used 115051K [0x0000000080000000, 0x0000000100000000)
  region size 1024K, 1 young (1024K), 1 survivors (1024K)
 Metaspace       used 58430K, capacity 60461K, committed 60592K, reserved 569344K
  class space    used 7580K, capacity 8395K, committed 8448K, reserved 516096K
}
Event: 133.734 GC heap before
{Heap before GC invocations=99 (full 0):
 garbage-first heap   total 152576K, used 125291K [0x0000000080000000, 0x0000000100000000)
  region size 1024K, 11 young (11264K), 1 survivors (1024K)
 Metaspace       used 59271K, capacity 61254K, committed 61488K, reserved 569344K
  class space    used 7726K, capacity 8532K, committed 8576K, reserved 516096K
}
Event: 133.744 GC heap after
{Heap after GC invocations=100 (full 0):
 garbage-first heap   total 152576K, used 115392K [0x0000000080000000, 0x0000000100000000)
  region size 1024K, 2 young (2048K), 2 survivors (2048K)
 Metaspace       used 59271K, capacity 61254K, committed 61488K, reserved 569344K
  class space    used 7726K, capacity 8532K, committed 8576K, reserved 516096K
}

Deoptimization events (20 events):
Event: 130.158 Thread 0x0000021749430800 Uncommon trap: trap_request=0xffffff4d fr.pc=0x0000021739a09d48 relative=0x0000000000000988
Event: 130.158 Thread 0x0000021749430800 Uncommon trap: reason=unstable_if action=reinterpret pc=0x0000021739a09d48 method=java.lang.Integer.stringSize(I)I @ 19 c2
Event: 130.158 Thread 0x0000021749430800 DEOPT PACKING pc=0x0000021739a09d48 sp=0x000000ba370f71b0
Event: 130.158 Thread 0x0000021749430800 DEOPT UNPACKING pc=0x0000021731e8a1af sp=0x000000ba370f70f8 mode 2
Event: 130.210 Thread 0x0000021749430800 Uncommon trap: trap_request=0xffffff45 fr.pc=0x0000021739a8a0c4 relative=0x0000000000000d24
Event: 130.211 Thread 0x0000021749430800 Uncommon trap: reason=unstable_fused_if action=reinterpret pc=0x0000021739a8a0c4 method=org.objectweb.asm.ByteVector.putUTF8(Ljava/lang/String;)Lorg/objectweb/asm/ByteVector; @ 93 c2
Event: 130.211 Thread 0x0000021749430800 DEOPT PACKING pc=0x0000021739a8a0c4 sp=0x000000ba370f62a0
Event: 130.211 Thread 0x0000021749430800 DEOPT UNPACKING pc=0x0000021731e8a1af sp=0x000000ba370f61f8 mode 2
Event: 130.239 Thread 0x0000021749430800 Uncommon trap: trap_request=0xffffff4d fr.pc=0x0000021739b41e60 relative=0x0000000000005ce0
Event: 130.240 Thread 0x0000021749430800 Uncommon trap: reason=unstable_if action=reinterpret pc=0x0000021739b41e60 method=org.objectweb.asm.Frame.execute(IILorg/objectweb/asm/Symbol;Lorg/objectweb/asm/SymbolTable;)V @ 1 c2
Event: 130.240 Thread 0x0000021749430800 DEOPT PACKING pc=0x0000021739b41e60 sp=0x000000ba370f60d0
Event: 130.243 Thread 0x0000021749430800 DEOPT UNPACKING pc=0x0000021731e8a1af sp=0x000000ba370f6078 mode 2
Event: 130.447 Thread 0x0000021749430800 Uncommon trap: trap_request=0xffffff45 fr.pc=0x0000021739a81584 relative=0x0000000000000224
Event: 130.447 Thread 0x0000021749430800 Uncommon trap: reason=unstable_fused_if action=reinterpret pc=0x0000021739a81584 method=org.objectweb.asm.ByteVector.putUTF8(Ljava/lang/String;)Lorg/objectweb/asm/ByteVector; @ 93 c2
Event: 130.447 Thread 0x0000021749430800 DEOPT PACKING pc=0x0000021739a81584 sp=0x000000ba370f6570
Event: 130.448 Thread 0x0000021749430800 DEOPT UNPACKING pc=0x0000021731e8a1af sp=0x000000ba370f64f0 mode 2
Event: 133.850 Thread 0x0000021749430800 Uncommon trap: trap_request=0xffffff4d fr.pc=0x0000021739c9f4f0 relative=0x0000000000000370
Event: 133.850 Thread 0x0000021749430800 Uncommon trap: reason=unstable_if action=reinterpret pc=0x0000021739c9f4f0 method=com.google.common.reflect.TypeResolver$TypeVariableKey.equalsTypeVariable(Ljava/lang/reflect/TypeVariable;)Z @ 39 c2
Event: 133.850 Thread 0x0000021749430800 DEOPT PACKING pc=0x0000021739c9f4f0 sp=0x000000ba370f2eb0
Event: 133.850 Thread 0x0000021749430800 DEOPT UNPACKING pc=0x0000021731e8a1af sp=0x000000ba370f2e60 mode 2

Classes redefined (0 events):
No events

Internal exceptions (20 events):
Event: 119.292 Thread 0x0000021749430800 Exception <a 'java/lang/NoSuchMethodError'{0x0000000087ac5380}: 'java.lang.Object java.lang.invoke.DirectMethodHandle$Holder.invokeStatic(java.lang.Object, java.lang.Object, java.lang.Object, java.lang.Object, java.lang.Object, int)'> (0x0000000087ac5380) thrown at [src/hotspot/share/interpreter/linkResolver.cpp, line 773]
Event: 119.295 Thread 0x0000021749430800 Exception <a 'java/lang/NoSuchMethodError'{0x0000000087aca548}: 'java.lang.Object java.lang.invoke.DirectMethodHandle$Holder.invokeSpecial(java.lang.Object, java.lang.Object, java.lang.Object, java.lang.Object, java.lang.Object, java.lang.Object, int)'> (0x0000000087aca548) thrown at [src/hotspot/share/interpreter/linkResolver.cpp, line 773]
Event: 119.395 Thread 0x0000021749430800 Exception <a 'java/lang/NoSuchMethodError'{0x00000000879e0c20}: 'void java.lang.invoke.DirectMethodHandle$Holder.invokeStatic(java.lang.Object, java.lang.Object, java.lang.Object, int, java.lang.Object)'> (0x00000000879e0c20) thrown at [src/hotspot/share/interpreter/linkResolver.cpp, line 773]
Event: 126.094 Thread 0x0000021749430800 Exception <a 'java/lang/IncompatibleClassChangeError'{0x00000000878839e0}: Found class java.lang.Object, but interface was expected> (0x00000000878839e0) thrown at [src/hotspot/share/interpreter/linkResolver.cpp, line 839]
Event: 126.660 Thread 0x0000021749430800 Exception <a 'java/lang/ClassNotFoundException'{0x0000000087b59548}: org/gradle/api/internal/project/DefaultAntBuilderBeanInfo> (0x0000000087b59548) thrown at [src/hotspot/share/classfile/systemDictionary.cpp, line 230]
Event: 126.671 Thread 0x0000021749430800 Exception <a 'java/lang/ClassNotFoundException'{0x0000000087b8baa8}: org/gradle/api/internal/project/ant/BasicAntBuilderBeanInfo> (0x0000000087b8baa8) thrown at [src/hotspot/share/classfile/systemDictionary.cpp, line 230]
Event: 126.676 Thread 0x0000021749430800 Exception <a 'java/lang/ClassNotFoundException'{0x0000000087bb5070}: org/gradle/api/AntBuilderBeanInfo> (0x0000000087bb5070) thrown at [src/hotspot/share/classfile/systemDictionary.cpp, line 230]
Event: 126.689 Thread 0x0000021749430800 Exception <a 'java/lang/ClassNotFoundException'{0x0000000087be03a8}: groovy/ant/AntBuilderBeanInfo> (0x0000000087be03a8) thrown at [src/hotspot/share/classfile/systemDictionary.cpp, line 230]
Event: 126.714 Thread 0x0000021749430800 Exception <a 'java/lang/ClassNotFoundException'{0x0000000087a5cd18}: groovy/util/BuilderSupportBeanInfo> (0x0000000087a5cd18) thrown at [src/hotspot/share/classfile/systemDictionary.cpp, line 230]
Event: 126.745 Thread 0x0000021749430800 Exception <a 'java/lang/ClassNotFoundException'{0x0000000087ad9fc8}: groovy/util/BuilderSupportCustomizer> (0x0000000087ad9fc8) thrown at [src/hotspot/share/classfile/systemDictionary.cpp, line 230]
Event: 126.768 Thread 0x0000021749430800 Exception <a 'java/lang/ClassNotFoundException'{0x0000000087907cc0}: groovy/ant/AntBuilderCustomizer> (0x0000000087907cc0) thrown at [src/hotspot/share/classfile/systemDictionary.cpp, line 230]
Event: 126.776 Thread 0x0000021749430800 Exception <a 'java/lang/ClassNotFoundException'{0x0000000087938430}: org/gradle/api/AntBuilderCustomizer> (0x0000000087938430) thrown at [src/hotspot/share/classfile/systemDictionary.cpp, line 230]
Event: 126.783 Thread 0x0000021749430800 Exception <a 'java/lang/ClassNotFoundException'{0x0000000087975f00}: org/gradle/api/internal/project/ant/BasicAntBuilderCustomizer> (0x0000000087975f00) thrown at [src/hotspot/share/classfile/systemDictionary.cpp, line 230]
Event: 126.792 Thread 0x0000021749430800 Exception <a 'java/lang/ClassNotFoundException'{0x00000000879baea0}: org/gradle/api/internal/project/DefaultAntBuilderCustomizer> (0x00000000879baea0) thrown at [src/hotspot/share/classfile/systemDictionary.cpp, line 230]
Event: 128.276 Thread 0x0000021749430800 Exception <a 'java/lang/IncompatibleClassChangeError'{0x00000000877792e8}: Found class java.lang.Object, but interface was expected> (0x00000000877792e8) thrown at [src/hotspot/share/interpreter/linkResolver.cpp, line 839]
Event: 128.823 Thread 0x0000021749430800 Implicit null exception at 0x0000021739c4ce19 to 0x0000021739c4d008
Event: 130.331 Thread 0x0000021749430800 Exception <a 'java/lang/NoSuchMethodError'{0x0000000088f74ad0}: 'java.lang.Object java.lang.invoke.DirectMethodHandle$Holder.invokeSpecial(java.lang.Object, java.lang.Object, java.lang.Object, java.lang.Object, java.lang.Object, int)'> (0x0000000088f74ad0) thrown at [src/hotspot/share/interpreter/linkResolver.cpp, line 773]
Event: 130.335 Thread 0x0000021749430800 Exception <a 'java/lang/NoSuchMethodError'{0x0000000088f79398}: 'java.lang.Object java.lang.invoke.Invokers$Holder.linkToTargetMethod(java.lang.Object, java.lang.Object, java.lang.Object, int, java.lang.Object)'> (0x0000000088f79398) thrown at [src/hotspot/share/interpreter/linkResolver.cpp, line 773]
Event: 134.145 Thread 0x0000021749430800 Exception <a 'java/lang/NoSuchMethodError'{0x000000008929d198}: 'java.lang.Object java.lang.invoke.DirectMethodHandle$Holder.invokeSpecial(java.lang.Object, java.lang.Object, int, int, java.lang.Object, java.lang.Object, java.lang.Object)'> (0x000000008929d198) thrown at [src/hotspot/share/interpreter/linkResolver.cpp, line 773]
Event: 134.151 Thread 0x0000021749430800 Exception <a 'java/lang/NoSuchMethodError'{0x00000000892a21b8}: 'java.lang.Object java.lang.invoke.DelegatingMethodHandle$Holder.reinvoke_L(java.lang.Object, int, int, java.lang.Object, java.lang.Object, java.lang.Object)'> (0x00000000892a21b8) thrown at [src/hotspot/share/interpreter/linkResolver.cpp, line 773]

Events (20 events):
Event: 134.345 loading class jdk/xml/internal/XMLSecurityManager$Limit
Event: 134.354 loading class jdk/xml/internal/XMLSecurityManager$Limit done
Event: 134.354 loading class jdk/xml/internal/XMLSecurityManager$Processor
Event: 134.360 loading class jdk/xml/internal/XMLSecurityManager$Processor done
Event: 134.361 loading class jdk/xml/internal/XMLSecurityManager$State
Event: 134.361 loading class jdk/xml/internal/XMLSecurityManager$State done
Event: 134.363 loading class jdk/xml/internal/XMLSecurityManager$NameMap
Event: 134.363 loading class jdk/xml/internal/XMLSecurityManager$NameMap done
Event: 134.365 loading class javax/xml/parsers/DocumentBuilderFactory
Event: 134.369 loading class javax/xml/parsers/DocumentBuilderFactory done
Event: 134.369 loading class javax/xml/parsers/FactoryFinder
Event: 134.370 loading class javax/xml/parsers/FactoryFinder done
Event: 134.372 loading class javax/xml/parsers/FactoryFinder$1
Event: 134.373 loading class javax/xml/parsers/FactoryFinder$1 done
Event: 134.398 loading class com/sun/org/apache/xerces/internal/jaxp/DocumentBuilderFactoryImpl
Event: 134.400 loading class com/sun/org/apache/xerces/internal/jaxp/DocumentBuilderFactoryImpl done
Event: 134.414 loading class net/rubygrapefruit/platform/internal/DefaultWindowsRegistry
Event: 134.414 loading class net/rubygrapefruit/platform/internal/DefaultWindowsRegistry done
Event: 134.433 loading class org/gradle/jvm/toolchain/internal/JavaInstallationRegistry$Installations
Event: 134.433 loading class org/gradle/jvm/toolchain/internal/JavaInstallationRegistry$Installations done


Dynamic libraries:
0x00007ff7326f0000 - 0x00007ff7326fa000 	C:\Program Files\Android\Android Studio\jbr\bin\java.exe
0x00007ffe65b10000 - 0x00007ffe65d24000 	C:\WINDOWS\SYSTEM32\ntdll.dll
0x00007ffe64be0000 - 0x00007ffe64ca4000 	C:\WINDOWS\System32\KERNEL32.DLL
0x00007ffe62f90000 - 0x00007ffe63334000 	C:\WINDOWS\System32\KERNELBASE.dll
0x00007ffe636c0000 - 0x00007ffe637d1000 	C:\WINDOWS\System32\ucrtbase.dll
0x00007ffe44110000 - 0x00007ffe44127000 	C:\Program Files\Android\Android Studio\jbr\bin\jli.dll
0x00007ffe63d80000 - 0x00007ffe63f2e000 	C:\WINDOWS\System32\USER32.dll
0x00007ffe62ec0000 - 0x00007ffe62ee6000 	C:\WINDOWS\System32\win32u.dll
0x00007ffe647d0000 - 0x00007ffe647f9000 	C:\WINDOWS\System32\GDI32.dll
0x00007ffe635a0000 - 0x00007ffe636b8000 	C:\WINDOWS\System32\gdi32full.dll
0x00007ffe62ef0000 - 0x00007ffe62f8a000 	C:\WINDOWS\System32\msvcp_win.dll
0x00007ffe440f0000 - 0x00007ffe4410b000 	C:\Program Files\Android\Android Studio\jbr\bin\VCRUNTIME140.dll
0x00007ffe4ac30000 - 0x00007ffe4aec3000 	C:\WINDOWS\WinSxS\amd64_microsoft.windows.common-controls_6595b64144ccf1df_6.0.22621.2215_none_270d72677387dfc3\COMCTL32.dll
0x00007ffe64d00000 - 0x00007ffe64da7000 	C:\WINDOWS\System32\msvcrt.dll
0x00007ffe64fa0000 - 0x00007ffe64fd1000 	C:\WINDOWS\System32\IMM32.DLL
0x00007ffe440e0000 - 0x00007ffe440ec000 	C:\Program Files\Android\Android Studio\jbr\bin\vcruntime140_1.dll
0x00007ffe44050000 - 0x00007ffe440dd000 	C:\Program Files\Android\Android Studio\jbr\bin\msvcp140.dll
0x00007ffdefad0000 - 0x00007ffdf068c000 	C:\Program Files\Android\Android Studio\jbr\bin\server\jvm.dll
0x00007ffe64b30000 - 0x00007ffe64be0000 	C:\WINDOWS\System32\ADVAPI32.dll
0x00007ffe653b0000 - 0x00007ffe65456000 	C:\WINDOWS\System32\sechost.dll
0x00007ffe638d0000 - 0x00007ffe639e7000 	C:\WINDOWS\System32\RPCRT4.dll
0x00007ffe638c0000 - 0x00007ffe638c8000 	C:\WINDOWS\System32\PSAPI.DLL
0x00007ffe5ad10000 - 0x00007ffe5ad44000 	C:\WINDOWS\SYSTEM32\WINMM.dll
0x00007ffe4dde0000 - 0x00007ffe4dde9000 	C:\WINDOWS\SYSTEM32\WSOCK32.dll
0x00007ffe65460000 - 0x00007ffe654d1000 	C:\WINDOWS\System32\WS2_32.dll
0x00007ffe5a070000 - 0x00007ffe5a07a000 	C:\WINDOWS\SYSTEM32\VERSION.dll
0x00007ffe61ec0000 - 0x00007ffe61ed8000 	C:\WINDOWS\SYSTEM32\kernel.appcore.dll
0x00007ffe44640000 - 0x00007ffe44650000 	C:\Program Files\Android\Android Studio\jbr\bin\verify.dll
0x00007ffe60970000 - 0x00007ffe60b9e000 	C:\WINDOWS\SYSTEM32\DBGHELP.DLL
0x00007ffe639f0000 - 0x00007ffe63d7a000 	C:\WINDOWS\System32\combase.dll
0x00007ffe65570000 - 0x00007ffe65647000 	C:\WINDOWS\System32\OLEAUT32.dll
0x00007ffe4f190000 - 0x00007ffe4f1c2000 	C:\WINDOWS\SYSTEM32\dbgcore.DLL
0x00007ffe633b0000 - 0x00007ffe6342a000 	C:\WINDOWS\System32\bcryptPrimitives.dll
0x00007ffe23be0000 - 0x00007ffe23c08000 	C:\Program Files\Android\Android Studio\jbr\bin\java.dll
0x00007ffe44630000 - 0x00007ffe4463a000 	C:\Program Files\Android\Android Studio\jbr\bin\jimage.dll
0x00007ffe37f10000 - 0x00007ffe37f28000 	C:\Program Files\Android\Android Studio\jbr\bin\zip.dll
0x00007ffe63f30000 - 0x00007ffe64753000 	C:\WINDOWS\System32\SHELL32.dll
0x00007ffe60e50000 - 0x00007ffe6173a000 	C:\WINDOWS\SYSTEM32\windows.storage.dll
0x00007ffe60d10000 - 0x00007ffe60e4e000 	C:\WINDOWS\SYSTEM32\wintypes.dll
0x00007ffe64fe0000 - 0x00007ffe650d3000 	C:\WINDOWS\System32\SHCORE.dll
0x00007ffe650e0000 - 0x00007ffe6513e000 	C:\WINDOWS\System32\shlwapi.dll
0x00007ffe62df0000 - 0x00007ffe62e16000 	C:\WINDOWS\SYSTEM32\profapi.dll
0x00007ffe24510000 - 0x00007ffe24529000 	C:\Program Files\Android\Android Studio\jbr\bin\net.dll
0x00007ffe58190000 - 0x00007ffe582c7000 	C:\WINDOWS\SYSTEM32\WINHTTP.dll
0x00007ffe62390000 - 0x00007ffe623f9000 	C:\WINDOWS\system32\mswsock.dll
0x00007ffe23940000 - 0x00007ffe23953000 	C:\Program Files\Android\Android Studio\jbr\bin\nio.dll
0x00007ffe03470000 - 0x00007ffe03497000 	C:\Users\ACER\.gradle\native\68d5fa5c4cc2d200863cafc0d521ce42e7d3e7ee720ec0a83991735586a16f82\windows-amd64\native-platform.dll
0x00007ffdf2530000 - 0x00007ffdf2674000 	C:\Users\ACER\.gradle\native\e376f236ea51e6404a007f0833ffe2c6e607c4080706a723a18a27aeea778392\windows-amd64\native-platform-file-events.dll
0x00007ffe44620000 - 0x00007ffe4462a000 	C:\Program Files\Android\Android Studio\jbr\bin\management.dll
0x00007ffe31710000 - 0x00007ffe3171b000 	C:\Program Files\Android\Android Studio\jbr\bin\management_ext.dll
0x00007ffe625e0000 - 0x00007ffe625fb000 	C:\WINDOWS\SYSTEM32\CRYPTSP.dll
0x00007ffe61e80000 - 0x00007ffe61eb5000 	C:\WINDOWS\system32\rsaenh.dll
0x00007ffe62480000 - 0x00007ffe624ac000 	C:\WINDOWS\SYSTEM32\USERENV.dll
0x00007ffe627f0000 - 0x00007ffe62818000 	C:\WINDOWS\SYSTEM32\bcrypt.dll
0x00007ffe62600000 - 0x00007ffe6260c000 	C:\WINDOWS\SYSTEM32\CRYPTBASE.dll
0x00007ffe619a0000 - 0x00007ffe619cd000 	C:\WINDOWS\SYSTEM32\IPHLPAPI.DLL
0x00007ffe64760000 - 0x00007ffe64769000 	C:\WINDOWS\System32\NSI.dll
0x00007ffe58170000 - 0x00007ffe58189000 	C:\WINDOWS\SYSTEM32\dhcpcsvc6.DLL
0x00007ffe58150000 - 0x00007ffe5816f000 	C:\WINDOWS\SYSTEM32\dhcpcsvc.DLL
0x00007ffe61a10000 - 0x00007ffe61b02000 	C:\WINDOWS\SYSTEM32\DNSAPI.dll

dbghelp: loaded successfully - version: 4.0.5 - missing functions: none
symbol engine: initialized successfully - sym options: 0x614 - pdb path: .;C:\Program Files\Android\Android Studio\jbr\bin;C:\WINDOWS\SYSTEM32;C:\WINDOWS\WinSxS\amd64_microsoft.windows.common-controls_6595b64144ccf1df_6.0.22621.2215_none_270d72677387dfc3;C:\Program Files\Android\Android Studio\jbr\bin\server;C:\Users\ACER\.gradle\native\68d5fa5c4cc2d200863cafc0d521ce42e7d3e7ee720ec0a83991735586a16f82\windows-amd64;C:\Users\ACER\.gradle\native\e376f236ea51e6404a007f0833ffe2c6e607c4080706a723a18a27aeea778392\windows-amd64

VM Arguments:
jvm_args: -XX:MaxMetaspaceSize=512m --add-opens=java.base/java.util=ALL-UNNAMED --add-opens=java.base/java.lang=ALL-UNNAMED --add-opens=java.base/java.lang.invoke=ALL-UNNAMED --add-opens=java.prefs/java.util.prefs=ALL-UNNAMED --add-opens=java.base/java.nio.charset=ALL-UNNAMED --add-opens=java.base/java.net=ALL-UNNAMED --add-opens=java.base/java.util.concurrent.atomic=ALL-UNNAMED -Xmx2048m -Dfile.encoding=windows-1252 -Duser.country=IN -Duser.language=en -Duser.variant 
java_command: org.gradle.launcher.daemon.bootstrap.GradleDaemon 8.0.1
java_class_path (initial): C:\Users\ACER\.gradle\wrapper\dists\gradle-8.0.1-all\aro4hu1c3oeioove7l0i4i14o\gradle-8.0.1\lib\gradle-launcher-8.0.1.jar
Launcher Type: SUN_STANDARD

[Global flags]
     intx CICompilerCount                          = 4                                         {product} {ergonomic}
   size_t CompressedClassSpaceSize                 = 528482304                                 {product} {ergonomic}
     uint ConcGCThreads                            = 2                                         {product} {ergonomic}
     uint G1ConcRefinementThreads                  = 8                                         {product} {ergonomic}
   size_t G1HeapRegionSize                         = 1048576                                   {product} {ergonomic}
    uintx GCDrainStackTargetSize                   = 64                                        {product} {ergonomic}
   size_t InitialHeapSize                          = 58720256                                  {product} {ergonomic}
   size_t MarkStackSize                            = 4194304                                   {product} {ergonomic}
   size_t MaxHeapSize                              = 2147483648                                {product} {command line}
   size_t MaxMetaspaceSize                         = 536870912                                 {product} {command line}
   size_t MaxNewSize                               = 1287651328                                {product} {ergonomic}
   size_t MinHeapDeltaBytes                        = 1048576                                   {product} {ergonomic}
    uintx NonNMethodCodeHeapSize                   = 5836300                                {pd product} {ergonomic}
    uintx NonProfiledCodeHeapSize                  = 122910970                              {pd product} {ergonomic}
    uintx ProfiledCodeHeapSize                     = 122910970                              {pd product} {ergonomic}
    uintx ReservedCodeCacheSize                    = 251658240                              {pd product} {ergonomic}
     bool SegmentedCodeCache                       = true                                      {product} {ergonomic}
     bool UseCompressedClassPointers               = true                                 {lp64_product} {ergonomic}
     bool UseCompressedOops                        = true                                 {lp64_product} {ergonomic}
     bool UseG1GC                                  = true                                      {product} {ergonomic}
     bool UseLargePagesIndividualAllocation        = false                                  {pd product} {ergonomic}

Logging:
Log output configuration:
 #0: stdout all=warning uptime,level,tags
 #1: stderr all=off uptime,level,tags

Environment Variables:
JAVA_HOME=C:\Program Files\Microsoft\jdk-11.0.20.8-hotspot\
PATH=C:\Program Files\Microsoft\jdk-11.0.20.8-hotspot\bin;C:\Python311\Scripts\;C:\Python311\;C:\Program Files\Common Files\Oracle\Java\javapath;C:\WINDOWS\system32;C:\WINDOWS;C:\WINDOWS\System32\Wbem;C:\WINDOWS\System32\WindowsPowerShell\v1.0\;C:\WINDOWS\System32\OpenSSH\;C:\Program Files\Git\cmd;C:\Program Files\PuTTY\;C:\ProgramData\chocolatey\bin;C:\Program Files\nodejs\;C:\Program Files\MySQL\MySQL Shell 8.0\bin\;C:\Users\ACER\AppData\Local\Microsoft\WindowsApps;C:\Users\ACER\AppData\Local\Programs\Microsoft VS Code\bin;C:\Program Files\heroku\bin;C:\Users\ACER\AppData\Roaming\npm;C:\Users\ACER\AppData\Local\GitHubDesktop\bin
USERNAME=ACER
OS=Windows_NT
PROCESSOR_IDENTIFIER=AMD64 Family 23 Model 24 Stepping 1, AuthenticAMD



---------------  S Y S T E M  ---------------

OS: Windows 11 , 64 bit Build 22621 (10.0.22621.2215)
OS uptime: 0 days 0:34 hours

CPU:total 8 (initial active 8) (8 cores per cpu, 2 threads per core) family 23 model 24 stepping 1 microcode 0x0, cmov, cx8, fxsr, mmx, sse, sse2, sse3, ssse3, sse4.1, sse4.2, popcnt, avx, avx2, aes, clmul, mmxext, 3dnowpref, lzcnt, sse4a, ht, tsc, tscinvbit, tscinv, bmi1, bmi2, adx, sha, fma

Memory: 4k page, system-wide physical 3521M (386M free)
TotalPageFile size 14273M (AvailPageFile size 27M)
current process WorkingSet (physical memory assigned to process): 126M, peak: 194M
current process commit charge ("private bytes"): 367M, peak: 370M

vm_info: OpenJDK 64-Bit Server VM (11.0.15+0-b2043.56-9505619) for windows-amd64 JRE (11.0.15+0-b2043.56-9505619), built on Jan 19 2023 02:48:00 by "builduser" with unknown MS VC++:1929

END.
